python main.py ./simulatedPlanets/example-sim-model_Rp_Teff ./simulatedPlanets/fake_grammaticalSystems_Rp_Teff.txt --num_planet_features 1 --num_stellar_features 1 --num_labels 3 --batch_size 100 --epochs 250 --width 2 --seed 5 --dropout_prob 0. --train

Random seed: 5
-----------------------------------------------------------------------------------------
[DATA]
   data:          ./simulatedPlanets/fake_grammaticalSystems_Rp_Teff.txt
   # planets:     37734
-----------------------------------------------------------------------------------------
[TRAINING]
   num_labels:    3
   batch_size:    100
   lr:            0.002
   epochs:        250

| epoch   1 | loss -0.000000009461 | 0.000000013649 bits | time 0:00:01   
| epoch   2 | loss -0.000000005046 | 0.000000007280 bits | time 0:00:00   
| epoch   3 | loss 0.000000000946 | -0.000000001365 bits | time 0:00:01   
| epoch   4 | loss -0.000000136555 | 0.000000197007 bits | time 0:00:01   
| epoch   5 | loss -0.038106359502 | 0.054975855880 bits | time 0:00:00   
| epoch   6 | loss -0.156526091238 | 0.225819415598 bits | time 0:00:00   
| epoch   7 | loss -0.184833531973 | 0.266658419967 bits | time 0:00:01   
| epoch   8 | loss -0.197585289914 | 0.285055317911 bits | time 0:00:01   
| epoch   9 | loss -0.204890137627 | 0.295593985482 bits | time 0:00:01   
| epoch  10 | loss -0.210582094533 | 0.303805743483 bits | time 0:00:01   
| epoch  11 | loss -0.214280123275 | 0.309140871211 bits | time 0:00:01   
| epoch  12 | loss -0.217839138533 | 0.314275444873 bits | time 0:00:01   
| epoch  13 | loss -0.220952873665 | 0.318767615107 bits | time 0:00:01   
| epoch  14 | loss -0.223706259141 | 0.322739910678 bits | time 0:00:01   
| epoch  15 | loss -0.226216555903 | 0.326361503369 bits | time 0:00:01   
| epoch  16 | loss -0.228325089923 | 0.329403474942 bits | time 0:00:01   
| epoch  17 | loss -0.230430211813 | 0.332440523853 bits | time 0:00:01   
| epoch  18 | loss -0.232454372146 | 0.335360769928 bits | time 0:00:01   
| epoch  19 | loss -0.234628929032 | 0.338497992364 bits | time 0:00:01   
| epoch  20 | loss -0.236601914836 | 0.341344409199 bits | time 0:00:01   
| epoch  21 | loss -0.238875877763 | 0.344625044236 bits | time 0:00:01   
| epoch  22 | loss -0.239838933188 | 0.346014439522 bits | time 0:00:01   
| epoch  23 | loss -0.241567807380 | 0.348508677746 bits | time 0:00:01   
| epoch  24 | loss -0.243281162290 | 0.350980526377 bits | time 0:00:01   
| epoch  25 | loss -0.244297686708 | 0.352447061114 bits | time 0:00:01   
| epoch  26 | loss -0.245859499646 | 0.354700280895 bits | time 0:00:01   
| epoch  27 | loss -0.247535948873 | 0.357118885881 bits | time 0:00:00   
| epoch  28 | loss -0.248276202767 | 0.358186846503 bits | time 0:00:00   
| epoch  29 | loss -0.249367522184 | 0.359761287614 bits | time 0:00:00   
| epoch  30 | loss -0.249824589680 | 0.360420696624 bits | time 0:00:01   
| epoch  31 | loss -0.251148613515 | 0.362330859244 bits | time 0:00:01   
| epoch  32 | loss -0.251983482686 | 0.363535320857 bits | time 0:00:00   
| epoch  33 | loss -0.252841738481 | 0.364773522237 bits | time 0:00:00   
| epoch  34 | loss -0.253325198220 | 0.365471007204 bits | time 0:00:00   
| epoch  35 | loss -0.253694402793 | 0.366003656811 bits | time 0:00:00   
| epoch  36 | loss -0.254996647910 | 0.367882399384 bits | time 0:00:01   
| epoch  37 | loss -0.255392350532 | 0.368453277594 bits | time 0:00:00   
| epoch  38 | loss -0.256076484919 | 0.369440274880 bits | time 0:00:00   
| epoch  39 | loss -0.256896407989 | 0.370623173828 bits | time 0:00:00   
| epoch  40 | loss -0.257294313933 | 0.371197230760 bits | time 0:00:00   
| epoch  41 | loss -0.257831072208 | 0.371971609262 bits | time 0:00:00   
| epoch  42 | loss -0.258063845534 | 0.372307430184 bits | time 0:00:00   
| epoch  43 | loss -0.258184682755 | 0.372481761444 bits | time 0:00:00   
| epoch  44 | loss -0.258886288714 | 0.373493964881 bits | time 0:00:00   
| epoch  45 | loss -0.259176329646 | 0.373912405495 bits | time 0:00:01   
| epoch  46 | loss -0.259216705012 | 0.373970654836 bits | time 0:00:01   
| epoch  47 | loss -0.259264583468 | 0.374039728847 bits | time 0:00:00   
| epoch  48 | loss -0.259442247726 | 0.374296044192 bits | time 0:00:00   
| epoch  49 | loss -0.259897978533 | 0.374953524766 bits | time 0:00:00   
| epoch  50 | loss -0.260238389016 | 0.375444633283 bits | time 0:00:00   
| epoch  51 | loss -0.260159678245 | 0.375331077643 bits | time 0:00:00   
| epoch  52 | loss -0.260568541194 | 0.375920942192 bits | time 0:00:00   
| epoch  53 | loss -0.260658923280 | 0.376051335980 bits | time 0:00:01   
| epoch  54 | loss -0.261059708854 | 0.376629547339 bits | time 0:00:01   
| epoch  55 | loss -0.261321669691 | 0.377007476940 bits | time 0:00:01   
| epoch  56 | loss -0.261272711256 | 0.376936844848 bits | time 0:00:01   
| epoch  57 | loss -0.261579560540 | 0.377379534789 bits | time 0:00:00   
| epoch  58 | loss -0.261799188360 | 0.377696390756 bits | time 0:00:00   
| epoch  59 | loss -0.261898420160 | 0.377839551981 bits | time 0:00:00   
| epoch  60 | loss -0.262431911217 | 0.378609216884 bits | time 0:00:00   
| epoch  61 | loss -0.261742048478 | 0.377613955331 bits | time 0:00:01   
| epoch  62 | loss -0.262268706131 | 0.378373761716 bits | time 0:00:01   
| epoch  63 | loss -0.262401554004 | 0.378565420683 bits | time 0:00:01   
| epoch  64 | loss -0.262153592532 | 0.378207687898 bits | time 0:00:01   
| epoch  65 | loss -0.262598126338 | 0.378849014615 bits | time 0:00:01   
| epoch  66 | loss -0.262113193040 | 0.378149403751 bits | time 0:00:01   
| epoch  67 | loss -0.262104556516 | 0.378136943881 bits | time 0:00:01   
| epoch  68 | loss -0.262474606435 | 0.378670813062 bits | time 0:00:01   
| epoch  69 | loss -0.262751810607 | 0.379070734148 bits | time 0:00:01   
| epoch  70 | loss -0.262670891310 | 0.378953992279 bits | time 0:00:01   
| epoch  71 | loss -0.262753510759 | 0.379073186948 bits | time 0:00:00   
| epoch  72 | loss -0.262656391771 | 0.378933073865 bits | time 0:00:00   
| epoch  73 | loss -0.262696506800 | 0.378990947620 bits | time 0:00:01   
| epoch  74 | loss -0.262720606787 | 0.379025716552 bits | time 0:00:01   
| epoch  75 | loss -0.262568568900 | 0.378806372245 bits | time 0:00:00   
| epoch  76 | loss -0.262521334741 | 0.378738227759 bits | time 0:00:00   
| epoch  77 | loss -0.262688819536 | 0.378979857241 bits | time 0:00:01   
| epoch  78 | loss -0.262556315888 | 0.378788694885 bits | time 0:00:00   
| epoch  79 | loss -0.262973622197 | 0.379390740629 bits | time 0:00:00   
| epoch  80 | loss -0.262820801249 | 0.379170266605 bits | time 0:00:00   
| epoch  81 | loss -0.262820986371 | 0.379170533678 bits | time 0:00:00   
| epoch  82 | loss -0.263115314895 | 0.379595159981 bits | time 0:00:00   
| epoch  83 | loss -0.262552917161 | 0.378783791560 bits | time 0:00:00   
| epoch  84 | loss -0.262901210911 | 0.379286273225 bits | time 0:00:00   
| epoch  85 | loss -0.263165241354 | 0.379667188635 bits | time 0:00:01   
| epoch  86 | loss -0.263039042868 | 0.379485122705 bits | time 0:00:01   
| epoch  87 | loss -0.262940718383 | 0.379343270459 bits | time 0:00:01   
| epoch  88 | loss -0.263243759593 | 0.379780466510 bits | time 0:00:01   
| epoch  89 | loss -0.262970605225 | 0.379386388057 bits | time 0:00:00   
| epoch  90 | loss -0.263366050663 | 0.379956895231 bits | time 0:00:01   
| epoch  91 | loss -0.263190156253 | 0.379703133237 bits | time 0:00:01   
| epoch  92 | loss -0.263399459225 | 0.380005093596 bits | time 0:00:01   
| epoch  93 | loss -0.263155171480 | 0.379652660879 bits | time 0:00:01   
| epoch  94 | loss -0.263203176241 | 0.379721917109 bits | time 0:00:01   
| epoch  95 | loss -0.262965030140 | 0.379378344911 bits | time 0:00:01   
| epoch  96 | loss -0.263292478979 | 0.379850753726 bits | time 0:00:01   
| epoch  97 | loss -0.263512553519 | 0.380168254174 bits | time 0:00:01   
| epoch  98 | loss -0.263135178064 | 0.379623816476 bits | time 0:00:01   
| epoch  99 | loss -0.263248665308 | 0.379787543960 bits | time 0:00:01   
| epoch 100 | loss -0.263693891190 | 0.380429869132 bits | time 0:00:01   
| epoch 101 | loss -0.263191661349 | 0.379705304632 bits | time 0:00:01   
| epoch 102 | loss -0.263145749058 | 0.379639067197 bits | time 0:00:01   
| epoch 103 | loss -0.263432613283 | 0.380052924792 bits | time 0:00:01   
| epoch 104 | loss -0.263671135461 | 0.380397039555 bits | time 0:00:01   
| epoch 105 | loss -0.263491224202 | 0.380137482474 bits | time 0:00:01   
| epoch 106 | loss -0.263204535637 | 0.379723878303 bits | time 0:00:01   
| epoch 107 | loss -0.263427743048 | 0.380045898527 bits | time 0:00:01   
| epoch 108 | loss -0.263408503677 | 0.380018141983 bits | time 0:00:01   
| epoch 109 | loss -0.263462288670 | 0.380095737325 bits | time 0:00:01   
| epoch 110 | loss -0.263428765472 | 0.380047373574 bits | time 0:00:00   
| epoch 111 | loss -0.263573404342 | 0.380256043355 bits | time 0:00:01   
| epoch 112 | loss -0.263825674379 | 0.380619992085 bits | time 0:00:01   
| epoch 113 | loss -0.263374465641 | 0.379969035477 bits | time 0:00:00   
| epoch 114 | loss -0.263438310100 | 0.380061143561 bits | time 0:00:00   
| epoch 115 | loss -0.263564353582 | 0.380242985868 bits | time 0:00:00   
| epoch 116 | loss -0.263998576888 | 0.380869437679 bits | time 0:00:00   
| epoch 117 | loss -0.263473895492 | 0.380112482430 bits | time 0:00:00   
| epoch 118 | loss -0.263719987617 | 0.380467518318 bits | time 0:00:00   
| epoch 119 | loss -0.263697159669 | 0.380434584551 bits | time 0:00:00   
| epoch 120 | loss -0.263296289892 | 0.379856251711 bits | time 0:00:00   
| epoch 121 | loss -0.263712494935 | 0.380456708663 bits | time 0:00:00   
| epoch 122 | loss -0.263513022314 | 0.380168930503 bits | time 0:00:01   
| epoch 123 | loss -0.263725090910 | 0.380474880814 bits | time 0:00:01   
| epoch 124 | loss -0.263802008023 | 0.380585848752 bits | time 0:00:00   
| epoch 125 | loss -0.263939390738 | 0.380784050112 bits | time 0:00:00   
| epoch 126 | loss -0.263409949484 | 0.380020227842 bits | time 0:00:01   
| epoch 127 | loss -0.263443117262 | 0.380068078830 bits | time 0:00:00   
| epoch 128 | loss -0.263847865125 | 0.380652006565 bits | time 0:00:00   
| epoch 129 | loss -0.263692409273 | 0.380427731178 bits | time 0:00:01   
| epoch 130 | loss -0.263514299872 | 0.380170773629 bits | time 0:00:00   
| epoch 131 | loss -0.263634180896 | 0.380343725388 bits | time 0:00:00   
| epoch 132 | loss -0.263519673278 | 0.380178525815 bits | time 0:00:01   
| epoch 133 | loss -0.263532505464 | 0.380197038746 bits | time 0:00:01   
| epoch 134 | loss -0.263741611804 | 0.380498715425 bits | time 0:00:01   
| epoch 135 | loss -0.263642740786 | 0.380356074698 bits | time 0:00:00   
| epoch 136 | loss -0.263540188945 | 0.380208123665 bits | time 0:00:01   
| epoch 137 | loss -0.263765465488 | 0.380533129017 bits | time 0:00:01   
| epoch 138 | loss -0.263896412793 | 0.380722046044 bits | time 0:00:01   
| epoch 139 | loss -0.263721079580 | 0.380469093688 bits | time 0:00:01   
| epoch 140 | loss -0.263503077484 | 0.380154583146 bits | time 0:00:01   
| epoch 141 | loss -0.263686862257 | 0.380419728525 bits | time 0:00:01   
| epoch 142 | loss -0.263809696076 | 0.380596940268 bits | time 0:00:01   
| epoch 143 | loss -0.263877254472 | 0.380694406430 bits | time 0:00:01   
| epoch 144 | loss -0.263843051656 | 0.380645062197 bits | time 0:00:01   
| epoch 145 | loss -0.263706556704 | 0.380448141606 bits | time 0:00:00   
| epoch 146 | loss -0.263540965855 | 0.380209244510 bits | time 0:00:01   
| epoch 147 | loss -0.263735812808 | 0.380490349243 bits | time 0:00:01   
| epoch 148 | loss -0.263675729749 | 0.380403667712 bits | time 0:00:01   
| epoch 149 | loss -0.264074148009 | 0.380978463760 bits | time 0:00:01   
| epoch 150 | loss -0.263733537109 | 0.380487066103 bits | time 0:00:00   
| epoch 151 | loss -0.263953715721 | 0.380804716694 bits | time 0:00:00   
| epoch 152 | loss -0.263749167244 | 0.380509615622 bits | time 0:00:00   
| epoch 153 | loss -0.263863080866 | 0.380673958239 bits | time 0:00:00   
| epoch 154 | loss -0.263904848427 | 0.380734216092 bits | time 0:00:00   
| epoch 155 | loss -0.263461955325 | 0.380095256411 bits | time 0:00:00   
| epoch 156 | loss -0.263775435863 | 0.380547513227 bits | time 0:00:00   
| epoch 157 | loss -0.263494434338 | 0.380142113721 bits | time 0:00:01   
| epoch 158 | loss -0.264009104677 | 0.380884626067 bits | time 0:00:01   
| epoch 159 | loss -0.264044953717 | 0.380936345299 bits | time 0:00:01   
| epoch 160 | loss -0.264026522321 | 0.380909754416 bits | time 0:00:00   
| epoch 161 | loss -0.263694003461 | 0.380430031105 bits | time 0:00:00   
| epoch 162 | loss -0.263874898197 | 0.380691007043 bits | time 0:00:00   
| epoch 163 | loss -0.264008434992 | 0.380883659916 bits | time 0:00:01   
| epoch 164 | loss -0.263801405354 | 0.380584979284 bits | time 0:00:01   
| epoch 165 | loss -0.263330648185 | 0.379905820251 bits | time 0:00:02   
| epoch 166 | loss -0.264015421192 | 0.380893738873 bits | time 0:00:01   
| epoch 167 | loss -0.263709274707 | 0.380452062856 bits | time 0:00:02   
| epoch 168 | loss -0.263363452027 | 0.379953146191 bits | time 0:00:01   
| epoch 169 | loss -0.263764245800 | 0.380531369380 bits | time 0:00:01   
| epoch 170 | loss -0.263902234968 | 0.380730445668 bits | time 0:00:01   
| epoch 171 | loss -0.264064780146 | 0.380964948790 bits | time 0:00:03   
| epoch 172 | loss -0.264270887646 | 0.381262299058 bits | time 0:00:03   
| epoch 173 | loss -0.264023263934 | 0.380905053557 bits | time 0:00:03   
| epoch 174 | loss -0.264091278983 | 0.381003178531 bits | time 0:00:01   
| epoch 175 | loss -0.264013360575 | 0.380890766030 bits | time 0:00:01   
| epoch 176 | loss -0.263634111200 | 0.380343624837 bits | time 0:00:01   
| epoch 177 | loss -0.263652314900 | 0.380369887225 bits | time 0:00:01   
| epoch 178 | loss -0.263846053018 | 0.380649392246 bits | time 0:00:01   
| epoch 179 | loss -0.263730800026 | 0.380483117327 bits | time 0:00:01   
| epoch 180 | loss -0.264175732142 | 0.381125018685 bits | time 0:00:01   
| epoch 181 | loss -0.263759439269 | 0.380524435021 bits | time 0:00:02   
| epoch 182 | loss -0.263865882284 | 0.380677999832 bits | time 0:00:01   
| epoch 183 | loss -0.264056742349 | 0.380953352700 bits | time 0:00:01   
| epoch 184 | loss -0.264177589505 | 0.381127698293 bits | time 0:00:01   
| epoch 185 | loss -0.264041148323 | 0.380930855277 bits | time 0:00:01   
| epoch 186 | loss -0.263901591932 | 0.380729517963 bits | time 0:00:01   
| epoch 187 | loss -0.263737070655 | 0.380492163933 bits | time 0:00:01   
| epoch 188 | loss -0.264030571337 | 0.380915595911 bits | time 0:00:01   
| epoch 189 | loss -0.264121672937 | 0.381047027737 bits | time 0:00:01   
| epoch 190 | loss -0.263800032555 | 0.380582998754 bits | time 0:00:01   
| epoch 191 | loss -0.264129789418 | 0.381058737344 bits | time 0:00:01   
| epoch 192 | loss -0.264196654161 | 0.381155202777 bits | time 0:00:01   
| epoch 193 | loss -0.263843150208 | 0.380645204378 bits | time 0:00:02   
| epoch 194 | loss -0.263882224522 | 0.380701576697 bits | time 0:00:01   
| epoch 195 | loss -0.263853545069 | 0.380660200992 bits | time 0:00:01   
| epoch 196 | loss -0.263981017486 | 0.380844104816 bits | time 0:00:01   
| epoch 197 | loss -0.264115147332 | 0.381037613280 bits | time 0:00:01   
| epoch 198 | loss -0.263587626831 | 0.380276562068 bits | time 0:00:01   
| epoch 199 | loss -0.263883171100 | 0.380702942321 bits | time 0:00:01   
| epoch 200 | loss -0.263857583520 | 0.380666027246 bits | time 0:00:01   
| epoch 201 | loss -0.263702407243 | 0.380442155200 bits | time 0:00:01   
| epoch 202 | loss -0.264054693085 | 0.380950396237 bits | time 0:00:00   
| epoch 203 | loss -0.263797613048 | 0.380579508143 bits | time 0:00:00   
| epoch 204 | loss -0.263957984075 | 0.380810874629 bits | time 0:00:01   
| epoch 205 | loss -0.264063106958 | 0.380962534890 bits | time 0:00:00   
| epoch 206 | loss -0.263899015056 | 0.380725800316 bits | time 0:00:01   
| epoch 207 | loss -0.264223459694 | 0.381193874987 bits | time 0:00:01   
| epoch 208 | loss -0.263995093959 | 0.380864412873 bits | time 0:00:01   
| epoch 209 | loss -0.264170992784 | 0.381118181237 bits | time 0:00:01   
| epoch 210 | loss -0.264360111857 | 0.381391022385 bits | time 0:00:01   
| epoch 211 | loss -0.263831326097 | 0.380628145792 bits | time 0:00:01   
| epoch 212 | loss -0.263743833575 | 0.380501920763 bits | time 0:00:01   
| epoch 213 | loss -0.263871010649 | 0.380685398498 bits | time 0:00:01   
| epoch 214 | loss -0.263872296091 | 0.380687252999 bits | time 0:00:01   
| epoch 215 | loss -0.263869033289 | 0.380682545770 bits | time 0:00:01   
| epoch 216 | loss -0.263969363359 | 0.380827291465 bits | time 0:00:01   
| epoch 217 | loss -0.264024250406 | 0.380906476736 bits | time 0:00:01   
| epoch 218 | loss -0.263970944143 | 0.380829572055 bits | time 0:00:01   
| epoch 219 | loss -0.264116004977 | 0.381038850599 bits | time 0:00:00   
| epoch 220 | loss -0.263863921008 | 0.380675170307 bits | time 0:00:00   
| epoch 221 | loss -0.264105601443 | 0.381023841473 bits | time 0:00:01   
| epoch 222 | loss -0.264037771357 | 0.380925983345 bits | time 0:00:01   
| epoch 223 | loss -0.264082306592 | 0.380990234107 bits | time 0:00:00   
| epoch 224 | loss -0.263538999217 | 0.380206407251 bits | time 0:00:00   
| epoch 225 | loss -0.263895148796 | 0.380720222482 bits | time 0:00:00   
| epoch 226 | loss -0.264047811586 | 0.380940468333 bits | time 0:00:01   
| epoch 227 | loss -0.263926521811 | 0.380765484176 bits | time 0:00:01   
| epoch 228 | loss -0.263966438947 | 0.380823072430 bits | time 0:00:01   
| epoch 229 | loss -0.264245178491 | 0.381225208588 bits | time 0:00:01   
| epoch 230 | loss -0.264144450899 | 0.381079889391 bits | time 0:00:01   
| epoch 231 | loss -0.263627762675 | 0.380334465851 bits | time 0:00:01   
| epoch 232 | loss -0.263751025395 | 0.380512296367 bits | time 0:00:01   
| epoch 233 | loss -0.263994476467 | 0.380863522021 bits | time 0:00:01   
| epoch 234 | loss -0.264269819178 | 0.381260757584 bits | time 0:00:01   
| epoch 235 | loss -0.263836566418 | 0.380635705976 bits | time 0:00:01   
| epoch 236 | loss -0.264108241077 | 0.381027649660 bits | time 0:00:02   
| epoch 237 | loss -0.263816675496 | 0.380607009443 bits | time 0:00:01   
| epoch 238 | loss -0.263985160482 | 0.380850081896 bits | time 0:00:01   
| epoch 239 | loss -0.263871212170 | 0.380685689230 bits | time 0:00:01   
| epoch 240 | loss -0.263919491932 | 0.380755342204 bits | time 0:00:01   
| epoch 241 | loss -0.263909757768 | 0.380741298774 bits | time 0:00:01   
| epoch 242 | loss -0.263912684388 | 0.380745520994 bits | time 0:00:01   
| epoch 243 | loss -0.263861462710 | 0.380671623734 bits | time 0:00:00   
| epoch 244 | loss -0.263841565639 | 0.380642918328 bits | time 0:00:00   
| epoch 245 | loss -0.263504581004 | 0.380156752265 bits | time 0:00:01   
| epoch 246 | loss -0.264013313269 | 0.380890697783 bits | time 0:00:01   
| epoch 247 | loss -0.264091221586 | 0.381003095725 bits | time 0:00:01   
| epoch 248 | loss -0.263912282608 | 0.380744941348 bits | time 0:00:01   
| epoch 249 | loss -0.264101274430 | 0.381017598912 bits | time 0:00:01   
| epoch 250 | loss -0.263687928045 | 0.380421266132 bits | time 0:00:01   

Training time 0:04:55   
=========================================================================================
=========================================================================================
