python main.py ./simulatedPlanets/example-sim-model_Rp_loguP ./simulatedPlanets/fake_grammaticalSystems_Rp_loguP.txt --num_planet_features 2 --num_stellar_features 0 --num_labels 3 --batch_size 100 --epochs 500 --width 2 --seed 16 --dropout_prob 0.1 --train

Random seed: 16
-----------------------------------------------------------------------------------------
[DATA]
   data:          ./simulatedPlanets/fake_grammaticalSystems_Rp_loguP.txt
   # planets:     37619
-----------------------------------------------------------------------------------------
[TRAINING]
   num_labels:    3
   batch_size:    100
   lr:            0.002
   epochs:        500

| epoch   1 | loss -0.000000002213 | 0.000000003193 bits | time 0:00:01   
| epoch   2 | loss -0.000000003162 | 0.000000004562 bits | time 0:00:01   
| epoch   3 | loss -0.000000005059 | 0.000000007299 bits | time 0:00:01   
| epoch   4 | loss -0.000000000632 | 0.000000000912 bits | time 0:00:01   
| epoch   5 | loss -0.000000002530 | 0.000000003649 bits | time 0:00:01   
| epoch   6 | loss -0.000000002530 | 0.000000003649 bits | time 0:00:01   
| epoch   7 | loss -0.000000002530 | 0.000000003649 bits | time 0:00:01   
| epoch   8 | loss -0.000000000949 | 0.000000001369 bits | time 0:00:01   
| epoch   9 | loss -0.000000004427 | 0.000000006387 bits | time 0:00:01   
| epoch  10 | loss -0.000000004743 | 0.000000006843 bits | time 0:00:01   
| epoch  11 | loss -0.000000000632 | 0.000000000912 bits | time 0:00:01   
| epoch  12 | loss -0.000000001897 | 0.000000002737 bits | time 0:00:01   
| epoch  13 | loss -0.000000002213 | 0.000000003193 bits | time 0:00:01   
| epoch  14 | loss 0.000000001265 | -0.000000001825 bits | time 0:00:01   
| epoch  15 | loss -0.000000005692 | 0.000000008211 bits | time 0:00:01   
| epoch  16 | loss -0.000000386086 | 0.000000557005 bits | time 0:00:01   
| epoch  17 | loss -0.064169035666 | 0.092576349534 bits | time 0:00:01   
| epoch  18 | loss -0.244952102555 | 0.353391183611 bits | time 0:00:01   
| epoch  19 | loss -0.292160469673 | 0.421498460741 bits | time 0:00:01   
| epoch  20 | loss -0.306265277714 | 0.441847397354 bits | time 0:00:01   
| epoch  21 | loss -0.317153612641 | 0.457555944157 bits | time 0:00:01   
| epoch  22 | loss -0.326542048777 | 0.471100594412 bits | time 0:00:01   
| epoch  23 | loss -0.329237436426 | 0.474989216807 bits | time 0:00:01   
| epoch  24 | loss -0.334616606843 | 0.482749719291 bits | time 0:00:01   
| epoch  25 | loss -0.335390699163 | 0.483866498442 bits | time 0:00:01   
| epoch  26 | loss -0.337859530348 | 0.487428268950 bits | time 0:00:01   
| epoch  27 | loss -0.335583410703 | 0.484144522425 bits | time 0:00:01   
| epoch  28 | loss -0.341530659787 | 0.492724589186 bits | time 0:00:01   
| epoch  29 | loss -0.342660720848 | 0.494354922675 bits | time 0:00:01   
| epoch  30 | loss -0.343217504119 | 0.495158191139 bits | time 0:00:01   
| epoch  31 | loss -0.348190067380 | 0.502332083497 bits | time 0:00:01   
| epoch  32 | loss -0.346058404572 | 0.499256744134 bits | time 0:00:01   
| epoch  33 | loss -0.351396385808 | 0.506957823191 bits | time 0:00:01   
| epoch  34 | loss -0.345297098239 | 0.498158411263 bits | time 0:00:01   
| epoch  35 | loss -0.348390121201 | 0.502620700151 bits | time 0:00:01   
| epoch  36 | loss -0.349002497345 | 0.503504172177 bits | time 0:00:01   
| epoch  37 | loss -0.351633233480 | 0.507299522154 bits | time 0:00:01   
| epoch  38 | loss -0.351105111110 | 0.506537602629 bits | time 0:00:01   
| epoch  39 | loss -0.351554276061 | 0.507185610677 bits | time 0:00:01   
| epoch  40 | loss -0.351486065106 | 0.507087203070 bits | time 0:00:01   
| epoch  41 | loss -0.350779805085 | 0.506068285241 bits | time 0:00:01   
| epoch  42 | loss -0.350289299254 | 0.505360634910 bits | time 0:00:01   
| epoch  43 | loss -0.357004786281 | 0.515049034741 bits | time 0:00:01   
| epoch  44 | loss -0.356400587673 | 0.514177360405 bits | time 0:00:01   
| epoch  45 | loss -0.358490407230 | 0.517192332717 bits | time 0:00:01   
| epoch  46 | loss -0.358593240894 | 0.517340690334 bits | time 0:00:01   
| epoch  47 | loss -0.356323919657 | 0.514066751839 bits | time 0:00:01   
| epoch  48 | loss -0.359344881947 | 0.518425079154 bits | time 0:00:01   
| epoch  49 | loss -0.363347087520 | 0.524199041286 bits | time 0:00:01   
| epoch  50 | loss -0.359245389463 | 0.518281541840 bits | time 0:00:01   
| epoch  51 | loss -0.356667874267 | 0.514562973450 bits | time 0:00:01   
| epoch  52 | loss -0.362398492088 | 0.522830507362 bits | time 0:00:01   
| epoch  53 | loss -0.365817391588 | 0.527762936715 bits | time 0:00:01   
| epoch  54 | loss -0.364540399860 | 0.525920627082 bits | time 0:00:01   
| epoch  55 | loss -0.361932307561 | 0.522157945255 bits | time 0:00:01   
| epoch  56 | loss -0.362044881367 | 0.522320354928 bits | time 0:00:01   
| epoch  57 | loss -0.366269386099 | 0.528415026955 bits | time 0:00:01   
| epoch  58 | loss -0.366872111350 | 0.529284575685 bits | time 0:00:01   
| epoch  59 | loss -0.365803388054 | 0.527742733885 bits | time 0:00:01   
| epoch  60 | loss -0.367408892599 | 0.530058987331 bits | time 0:00:01   
| epoch  61 | loss -0.371741148458 | 0.536309111375 bits | time 0:00:01   
| epoch  62 | loss -0.369114015558 | 0.532518959768 bits | time 0:00:01   
| epoch  63 | loss -0.367820593897 | 0.530652946751 bits | time 0:00:01   
| epoch  64 | loss -0.369509008661 | 0.533088814359 bits | time 0:00:01   
| epoch  65 | loss -0.372932036296 | 0.538027199353 bits | time 0:00:01   
| epoch  66 | loss -0.373155853555 | 0.538350099403 bits | time 0:00:01   
| epoch  67 | loss -0.371556756588 | 0.536043090138 bits | time 0:00:01   
| epoch  68 | loss -0.373289356181 | 0.538542702979 bits | time 0:00:01   
| epoch  69 | loss -0.373164585399 | 0.538362696790 bits | time 0:00:01   
| epoch  70 | loss -0.372072078663 | 0.536786542740 bits | time 0:00:01   
| epoch  71 | loss -0.367555286824 | 0.530270189554 bits | time 0:00:01   
| epoch  72 | loss -0.371727976385 | 0.536290108090 bits | time 0:00:01   
| epoch  73 | loss -0.369004272340 | 0.532360633771 bits | time 0:00:01   
| epoch  74 | loss -0.374542866841 | 0.540351136592 bits | time 0:00:01   
| epoch  75 | loss -0.371115663640 | 0.535406727529 bits | time 0:00:01   
| epoch  76 | loss -0.373889237326 | 0.539408148532 bits | time 0:00:01   
| epoch  77 | loss -0.375201198720 | 0.541300908728 bits | time 0:00:01   
| epoch  78 | loss -0.377393106883 | 0.544463163766 bits | time 0:00:01   
| epoch  79 | loss -0.373206149520 | 0.538422661142 bits | time 0:00:01   
| epoch  80 | loss -0.377460496416 | 0.544560386311 bits | time 0:00:01   
| epoch  81 | loss -0.373439945024 | 0.538759956755 bits | time 0:00:01   
| epoch  82 | loss -0.377954855285 | 0.545273595399 bits | time 0:00:01   
| epoch  83 | loss -0.371570602178 | 0.536063065102 bits | time 0:00:01   
| epoch  84 | loss -0.373516818336 | 0.538870861501 bits | time 0:00:01   
| epoch  85 | loss -0.374582770332 | 0.540408705161 bits | time 0:00:01   
| epoch  86 | loss -0.373691767217 | 0.539123259385 bits | time 0:00:01   
| epoch  87 | loss -0.371847432393 | 0.536462446681 bits | time 0:00:01   
| epoch  88 | loss -0.375776483621 | 0.542130869402 bits | time 0:00:01   
| epoch  89 | loss -0.379518373971 | 0.547529276054 bits | time 0:00:01   
| epoch  90 | loss -0.375184074479 | 0.541276203671 bits | time 0:00:01   
| epoch  91 | loss -0.376421386668 | 0.543061267830 bits | time 0:00:01   
| epoch  92 | loss -0.373284330893 | 0.538535453021 bits | time 0:00:01   
| epoch  93 | loss -0.374730693092 | 0.540622112593 bits | time 0:00:01   
| epoch  94 | loss -0.376217409534 | 0.542766991030 bits | time 0:00:01   
| epoch  95 | loss -0.373954310025 | 0.539502028592 bits | time 0:00:01   
| epoch  96 | loss -0.378539010210 | 0.546116352814 bits | time 0:00:01   
| epoch  97 | loss -0.376586552403 | 0.543299551617 bits | time 0:00:01   
| epoch  98 | loss -0.378519370480 | 0.546088018672 bits | time 0:00:01   
| epoch  99 | loss -0.373337437367 | 0.538612069467 bits | time 0:00:01   
| epoch 100 | loss -0.375884772296 | 0.542287096937 bits | time 0:00:01   
| epoch 101 | loss -0.378864352757 | 0.546585722892 bits | time 0:00:01   
| epoch 102 | loss -0.376447305518 | 0.543098660827 bits | time 0:00:01   
| epoch 103 | loss -0.369427245476 | 0.532970855017 bits | time 0:00:01   
| epoch 104 | loss -0.374503561293 | 0.540294430673 bits | time 0:00:01   
| epoch 105 | loss -0.372898495956 | 0.537978810871 bits | time 0:00:01   
| epoch 106 | loss -0.377143389983 | 0.544102898432 bits | time 0:00:01   
| epoch 107 | loss -0.372730857893 | 0.537736960268 bits | time 0:00:01   
| epoch 108 | loss -0.375573520082 | 0.541838054911 bits | time 0:00:01   
| epoch 109 | loss -0.371779490134 | 0.536364426720 bits | time 0:00:01   
| epoch 110 | loss -0.375598805574 | 0.541874534165 bits | time 0:00:01   
| epoch 111 | loss -0.374031042389 | 0.539612729993 bits | time 0:00:01   
| epoch 112 | loss -0.377029808826 | 0.543939035461 bits | time 0:00:01   
| epoch 113 | loss -0.373212806900 | 0.538432265711 bits | time 0:00:01   
| epoch 114 | loss -0.372698715100 | 0.537690588020 bits | time 0:00:01   
| epoch 115 | loss -0.376921122918 | 0.543782234841 bits | time 0:00:01   
| epoch 116 | loss -0.378122957695 | 0.545516115913 bits | time 0:00:01   
| epoch 117 | loss -0.371417485197 | 0.535842163994 bits | time 0:00:01   
| epoch 118 | loss -0.375154500299 | 0.541233537148 bits | time 0:00:01   
| epoch 119 | loss -0.380486833875 | 0.548926468355 bits | time 0:00:01   
| epoch 120 | loss -0.377293063491 | 0.544318831660 bits | time 0:00:01   
| epoch 121 | loss -0.375553555055 | 0.541809251467 bits | time 0:00:01   
| epoch 122 | loss -0.374660329335 | 0.540520599149 bits | time 0:00:01   
| epoch 123 | loss -0.382680321088 | 0.552091001479 bits | time 0:00:01   
| epoch 124 | loss -0.377087066123 | 0.544021640279 bits | time 0:00:01   
| epoch 125 | loss -0.379670310637 | 0.547748474329 bits | time 0:00:01   
| epoch 126 | loss -0.379560603387 | 0.547590200223 bits | time 0:00:01   
| epoch 127 | loss -0.376288093211 | 0.542868966022 bits | time 0:00:01   
| epoch 128 | loss -0.376841397121 | 0.543667214828 bits | time 0:00:01   
| epoch 129 | loss -0.378039992615 | 0.545396422603 bits | time 0:00:01   
| epoch 130 | loss -0.378416830965 | 0.545940085423 bits | time 0:00:01   
| epoch 131 | loss -0.372955399182 | 0.538060904873 bits | time 0:00:01   
| epoch 132 | loss -0.371827175035 | 0.536433221491 bits | time 0:00:01   
| epoch 133 | loss -0.381441263764 | 0.550303419622 bits | time 0:00:01   
| epoch 134 | loss -0.375755634643 | 0.542100790686 bits | time 0:00:01   
| epoch 135 | loss -0.377537215104 | 0.544671067981 bits | time 0:00:01   
| epoch 136 | loss -0.378494429493 | 0.546052036434 bits | time 0:00:01   
| epoch 137 | loss -0.375290278098 | 0.541429423106 bits | time 0:00:01   
| epoch 138 | loss -0.374222466895 | 0.539888897179 bits | time 0:00:01   
| epoch 139 | loss -0.376071744398 | 0.542556840662 bits | time 0:00:01   
| epoch 140 | loss -0.377868974161 | 0.545149695128 bits | time 0:00:01   
| epoch 141 | loss -0.377108218262 | 0.544052156365 bits | time 0:00:01   
| epoch 142 | loss -0.377450356433 | 0.544545757407 bits | time 0:00:01   
| epoch 143 | loss -0.381377437387 | 0.550211337625 bits | time 0:00:01   
| epoch 144 | loss -0.381072288878 | 0.549771101385 bits | time 0:00:01   
| epoch 145 | loss -0.377523272281 | 0.544650952740 bits | time 0:00:01   
| epoch 146 | loss -0.378625501846 | 0.546241133868 bits | time 0:00:01   
| epoch 147 | loss -0.371485189196 | 0.535939840217 bits | time 0:00:01   
| epoch 148 | loss -0.378235350158 | 0.545678263962 bits | time 0:00:01   
| epoch 149 | loss -0.375940049201 | 0.542366844653 bits | time 0:00:01   
| epoch 150 | loss -0.380272078103 | 0.548616641268 bits | time 0:00:01   
| epoch 151 | loss -0.377006847599 | 0.543905909412 bits | time 0:00:01   
| epoch 152 | loss -0.380309632112 | 0.548670820251 bits | time 0:00:01   
| epoch 153 | loss -0.377273081547 | 0.544290003809 bits | time 0:00:01   
| epoch 154 | loss -0.377700395388 | 0.544906487368 bits | time 0:00:01   
| epoch 155 | loss -0.376075525420 | 0.542562295523 bits | time 0:00:01   
| epoch 156 | loss -0.381244339029 | 0.550019317284 bits | time 0:00:01   
| epoch 157 | loss -0.378987339590 | 0.546763155386 bits | time 0:00:01   
| epoch 158 | loss -0.373489257749 | 0.538831099979 bits | time 0:00:01   
| epoch 159 | loss -0.384197777478 | 0.554280228288 bits | time 0:00:01   
| epoch 160 | loss -0.380117944602 | 0.548394273631 bits | time 0:00:01   
| epoch 161 | loss -0.373648180570 | 0.539060377145 bits | time 0:00:01   
| epoch 162 | loss -0.382699066116 | 0.552118044838 bits | time 0:00:01   
| epoch 163 | loss -0.376162931046 | 0.542688395187 bits | time 0:00:01   
| epoch 164 | loss -0.379404222222 | 0.547364589892 bits | time 0:00:01   
| epoch 165 | loss -0.374064442096 | 0.539660915585 bits | time 0:00:01   
| epoch 166 | loss -0.376277138526 | 0.542853161751 bits | time 0:00:01   
| epoch 167 | loss -0.377894718072 | 0.545186835740 bits | time 0:00:01   
| epoch 168 | loss -0.377592079440 | 0.544750220487 bits | time 0:00:01   
| epoch 169 | loss -0.381064806914 | 0.549760307192 bits | time 0:00:01   
| epoch 170 | loss -0.378505474297 | 0.546067970718 bits | time 0:00:01   
| epoch 171 | loss -0.377020717062 | 0.543925918818 bits | time 0:00:01   
| epoch 172 | loss -0.378888145287 | 0.546620048257 bits | time 0:00:01   
| epoch 173 | loss -0.385396492655 | 0.556009608730 bits | time 0:00:01   
| epoch 174 | loss -0.377459840528 | 0.544559440064 bits | time 0:00:01   
| epoch 175 | loss -0.379302467054 | 0.547217788216 bits | time 0:00:01   
| epoch 176 | loss -0.379976001437 | 0.548189492930 bits | time 0:00:01   
| epoch 177 | loss -0.380515947108 | 0.548968469872 bits | time 0:00:01   
| epoch 178 | loss -0.374493218781 | 0.540279509581 bits | time 0:00:01   
| epoch 179 | loss -0.377266610096 | 0.544280667478 bits | time 0:00:01   
| epoch 180 | loss -0.374274474398 | 0.539963928146 bits | time 0:00:01   
| epoch 181 | loss -0.377352526950 | 0.544404619298 bits | time 0:00:01   
| epoch 182 | loss -0.373138288762 | 0.538324758763 bits | time 0:00:01   
| epoch 183 | loss -0.382212069212 | 0.551415456820 bits | time 0:00:01   
| epoch 184 | loss -0.379723601853 | 0.547825357303 bits | time 0:00:01   
| epoch 185 | loss -0.380835369585 | 0.549429299095 bits | time 0:00:01   
| epoch 186 | loss -0.374690866202 | 0.540564654535 bits | time 0:00:01   
| epoch 187 | loss -0.382449351824 | 0.551757783268 bits | time 0:00:01   
| epoch 188 | loss -0.377357471052 | 0.544411752130 bits | time 0:00:01   
| epoch 189 | loss -0.375056914293 | 0.541092750302 bits | time 0:00:01   
| epoch 190 | loss -0.377305794379 | 0.544337198449 bits | time 0:00:01   
| epoch 191 | loss -0.379740015739 | 0.547849037534 bits | time 0:00:01   
| epoch 192 | loss -0.378763073952 | 0.546439608462 bits | time 0:00:01   
| epoch 193 | loss -0.377392531864 | 0.544462334189 bits | time 0:00:01   
| epoch 194 | loss -0.379795164265 | 0.547928600039 bits | time 0:00:01   
| epoch 195 | loss -0.377678066018 | 0.544874272896 bits | time 0:00:01   
| epoch 196 | loss -0.379050480908 | 0.546854249053 bits | time 0:00:01   
| epoch 197 | loss -0.377785730188 | 0.545029599461 bits | time 0:00:01   
| epoch 198 | loss -0.378417172230 | 0.545940577763 bits | time 0:00:01   
| epoch 199 | loss -0.380338083133 | 0.548711866396 bits | time 0:00:01   
| epoch 200 | loss -0.377007599298 | 0.543906993884 bits | time 0:00:01   
| epoch 201 | loss -0.377458907407 | 0.544558093855 bits | time 0:00:01   
| epoch 202 | loss -0.379429731666 | 0.547401392241 bits | time 0:00:01   
| epoch 203 | loss -0.376718215980 | 0.543489502007 bits | time 0:00:01   
| epoch 204 | loss -0.376060561413 | 0.542540707024 bits | time 0:00:01   
| epoch 205 | loss -0.376121630245 | 0.542628810725 bits | time 0:00:01   
| epoch 206 | loss -0.379782669029 | 0.547910573223 bits | time 0:00:01   
| epoch 207 | loss -0.376843713165 | 0.543670556173 bits | time 0:00:01   
| epoch 208 | loss -0.377388091951 | 0.544455928748 bits | time 0:00:01   
| epoch 209 | loss -0.375857175898 | 0.542247283751 bits | time 0:00:01   
| epoch 210 | loss -0.378085127955 | 0.545461539135 bits | time 0:00:01   
| epoch 211 | loss -0.378251121436 | 0.545701017107 bits | time 0:00:01   
| epoch 212 | loss -0.377264013657 | 0.544276921609 bits | time 0:00:01   
| epoch 213 | loss -0.379831316379 | 0.547980756515 bits | time 0:00:01   
| epoch 214 | loss -0.378987249787 | 0.546763025828 bits | time 0:00:01   
| epoch 215 | loss -0.381665194857 | 0.550626483900 bits | time 0:00:01   
| epoch 216 | loss -0.377753265973 | 0.544982763499 bits | time 0:00:01   
| epoch 217 | loss -0.380436814748 | 0.548854306009 bits | time 0:00:01   
| epoch 218 | loss -0.379512925521 | 0.547521415603 bits | time 0:00:01   
| epoch 219 | loss -0.374398763284 | 0.540143239105 bits | time 0:00:01   
| epoch 220 | loss -0.378577087144 | 0.546171286216 bits | time 0:00:01   
| epoch 221 | loss -0.378191882720 | 0.545615553704 bits | time 0:00:01   
| epoch 222 | loss -0.380999221173 | 0.549665686968 bits | time 0:00:01   
| epoch 223 | loss -0.385385968720 | 0.555994425900 bits | time 0:00:01   
| epoch 224 | loss -0.380640948483 | 0.549148808735 bits | time 0:00:01   
| epoch 225 | loss -0.382858159925 | 0.552347568687 bits | time 0:00:01   
| epoch 226 | loss -0.378136444946 | 0.545535573902 bits | time 0:00:01   
| epoch 227 | loss -0.373089245681 | 0.538254004553 bits | time 0:00:01   
| epoch 228 | loss -0.379624670159 | 0.547682629037 bits | time 0:00:01   
| epoch 229 | loss -0.382636043295 | 0.552027122127 bits | time 0:00:01   
| epoch 230 | loss -0.379866446519 | 0.548031438593 bits | time 0:00:01   
| epoch 231 | loss -0.376477551160 | 0.543142296064 bits | time 0:00:01   
| epoch 232 | loss -0.378019283163 | 0.545366545179 bits | time 0:00:01   
| epoch 233 | loss -0.378747282594 | 0.546416826349 bits | time 0:00:01   
| epoch 234 | loss -0.381794209031 | 0.550812612010 bits | time 0:00:01   
| epoch 235 | loss -0.373076234240 | 0.538235233012 bits | time 0:00:01   
| epoch 236 | loss -0.377065051140 | 0.543989879372 bits | time 0:00:01   
| epoch 237 | loss -0.380717427250 | 0.549259144273 bits | time 0:00:01   
| epoch 238 | loss -0.381703110367 | 0.550681184419 bits | time 0:00:01   
| epoch 239 | loss -0.376579878659 | 0.543289923440 bits | time 0:00:01   
| epoch 240 | loss -0.375683649070 | 0.541996937456 bits | time 0:00:01   
| epoch 241 | loss -0.380113801842 | 0.548388296891 bits | time 0:00:01   
| epoch 242 | loss -0.382718670748 | 0.552146328343 bits | time 0:00:01   
| epoch 243 | loss -0.374598399951 | 0.540431253934 bits | time 0:00:01   
| epoch 244 | loss -0.382468190845 | 0.551784962229 bits | time 0:00:01   
| epoch 245 | loss -0.379361340317 | 0.547302724380 bits | time 0:00:01   
| epoch 246 | loss -0.381814815480 | 0.550842340830 bits | time 0:00:01   
| epoch 247 | loss -0.380302416077 | 0.548660409712 bits | time 0:00:01   
| epoch 248 | loss -0.380971959004 | 0.549626355973 bits | time 0:00:01   
| epoch 249 | loss -0.379838409016 | 0.547990989026 bits | time 0:00:01   
| epoch 250 | loss -0.382326831473 | 0.551581023765 bits | time 0:00:01   
| epoch 251 | loss -0.376254644334 | 0.542820709492 bits | time 0:00:01   
| epoch 252 | loss -0.382789849049 | 0.552249016926 bits | time 0:00:01   
| epoch 253 | loss -0.380858852629 | 0.549463177967 bits | time 0:00:01   
| epoch 254 | loss -0.379647143007 | 0.547715050504 bits | time 0:00:01   
| epoch 255 | loss -0.376980478552 | 0.543867866919 bits | time 0:00:01   
| epoch 256 | loss -0.378938036114 | 0.546692025505 bits | time 0:00:01   
| epoch 257 | loss -0.380790062703 | 0.549363935082 bits | time 0:00:01   
| epoch 258 | loss -0.381513389732 | 0.550407475399 bits | time 0:00:01   
| epoch 259 | loss -0.378628527217 | 0.546245498555 bits | time 0:00:01   
| epoch 260 | loss -0.377402155248 | 0.544476217796 bits | time 0:00:01   
| epoch 261 | loss -0.380111086274 | 0.548384379154 bits | time 0:00:01   
| epoch 262 | loss -0.378237111104 | 0.545680804469 bits | time 0:00:01   
| epoch 263 | loss -0.377247698190 | 0.544253383366 bits | time 0:00:01   
| epoch 264 | loss -0.380435945738 | 0.548853052292 bits | time 0:00:01   
| epoch 265 | loss -0.377781568377 | 0.545023595236 bits | time 0:00:01   
| epoch 266 | loss -0.383731114611 | 0.553606976085 bits | time 0:00:01   
| epoch 267 | loss -0.378271725671 | 0.545730742734 bits | time 0:00:01   
| epoch 268 | loss -0.378445050207 | 0.545980797183 bits | time 0:00:01   
| epoch 269 | loss -0.378635575980 | 0.546255667771 bits | time 0:00:01   
| epoch 270 | loss -0.384061240391 | 0.554083246910 bits | time 0:00:01   
| epoch 271 | loss -0.381860770503 | 0.550908639914 bits | time 0:00:01   
| epoch 272 | loss -0.381319938035 | 0.550128383595 bits | time 0:00:01   
| epoch 273 | loss -0.377134238931 | 0.544089696255 bits | time 0:00:01   
| epoch 274 | loss -0.380711704255 | 0.549250887738 bits | time 0:00:01   
| epoch 275 | loss -0.383953050372 | 0.553927161706 bits | time 0:00:01   
| epoch 276 | loss -0.380321848377 | 0.548688444595 bits | time 0:00:01   
| epoch 277 | loss -0.380955085040 | 0.549602011988 bits | time 0:00:01   
| epoch 278 | loss -0.376816236767 | 0.543630916111 bits | time 0:00:01   
| epoch 279 | loss -0.380876028016 | 0.549487956812 bits | time 0:00:01   
| epoch 280 | loss -0.380616968759 | 0.549114213308 bits | time 0:00:01   
| epoch 281 | loss -0.379143041625 | 0.546987785940 bits | time 0:00:01   
| epoch 282 | loss -0.382894973224 | 0.552400679051 bits | time 0:00:01   
| epoch 283 | loss -0.378073213666 | 0.545444350450 bits | time 0:00:01   
| epoch 284 | loss -0.383282347605 | 0.552959542149 bits | time 0:00:01   
| epoch 285 | loss -0.383803132437 | 0.553710875845 bits | time 0:00:01   
| epoch 286 | loss -0.381795885234 | 0.550815030259 bits | time 0:00:01   
| epoch 287 | loss -0.378772949746 | 0.546453856221 bits | time 0:00:01   
| epoch 288 | loss -0.379208931398 | 0.547082844789 bits | time 0:00:01   
| epoch 289 | loss -0.385108827043 | 0.555594594977 bits | time 0:00:01   
| epoch 290 | loss -0.383809105155 | 0.553719492655 bits | time 0:00:01   
| epoch 291 | loss -0.378077707019 | 0.545450832987 bits | time 0:00:01   
| epoch 292 | loss -0.377596013110 | 0.544755895573 bits | time 0:00:01   
| epoch 293 | loss -0.377489246645 | 0.544601864124 bits | time 0:00:01   
| epoch 294 | loss -0.381615875254 | 0.550555330754 bits | time 0:00:01   
| epoch 295 | loss -0.382363390306 | 0.551633767012 bits | time 0:00:01   
| epoch 296 | loss -0.380356016463 | 0.548737738723 bits | time 0:00:01   
| epoch 297 | loss -0.383108358880 | 0.552708529479 bits | time 0:00:01   
| epoch 298 | loss -0.387739046815 | 0.559389199999 bits | time 0:00:01   
| epoch 299 | loss -0.377936853259 | 0.545247623966 bits | time 0:00:01   
| epoch 300 | loss -0.380629237277 | 0.549131913037 bits | time 0:00:01   
| epoch 301 | loss -0.379064891240 | 0.546875038768 bits | time 0:00:01   
| epoch 302 | loss -0.382701169433 | 0.552121079283 bits | time 0:00:01   
| epoch 303 | loss -0.381078068948 | 0.549779440262 bits | time 0:00:01   
| epoch 304 | loss -0.381513876766 | 0.550408178041 bits | time 0:00:01   
| epoch 305 | loss -0.379129270739 | 0.546967918751 bits | time 0:00:01   
| epoch 306 | loss -0.383318935766 | 0.553012327708 bits | time 0:00:01   
| epoch 307 | loss -0.380259611009 | 0.548598655053 bits | time 0:00:01   
| epoch 308 | loss -0.380794328388 | 0.549370089164 bits | time 0:00:01   
| epoch 309 | loss -0.379016805154 | 0.546805665209 bits | time 0:00:01   
| epoch 310 | loss -0.382248934526 | 0.551468642226 bits | time 0:00:01   
| epoch 311 | loss -0.382252406695 | 0.551473651506 bits | time 0:00:01   
| epoch 312 | loss -0.383229719075 | 0.552883615230 bits | time 0:00:01   
| epoch 313 | loss -0.378451762054 | 0.545990480331 bits | time 0:00:01   
| epoch 314 | loss -0.383214315069 | 0.552861391947 bits | time 0:00:01   
| epoch 315 | loss -0.380507604434 | 0.548956433937 bits | time 0:00:01   
| epoch 316 | loss -0.379456678420 | 0.547440268189 bits | time 0:00:01   
| epoch 317 | loss -0.385942825904 | 0.556797800999 bits | time 0:00:01   
| epoch 318 | loss -0.378442003809 | 0.545976402160 bits | time 0:00:01   
| epoch 319 | loss -0.383096529097 | 0.552691462710 bits | time 0:00:01   
| epoch 320 | loss -0.382747208487 | 0.552187499598 bits | time 0:00:01   
| epoch 321 | loss -0.384933741244 | 0.555341999564 bits | time 0:00:01   
| epoch 322 | loss -0.381005664087 | 0.549674982129 bits | time 0:00:01   
| epoch 323 | loss -0.387227764892 | 0.558651576104 bits | time 0:00:01   
| epoch 324 | loss -0.383541134846 | 0.553332893219 bits | time 0:00:01   
| epoch 325 | loss -0.385267148204 | 0.555823004132 bits | time 0:00:01   
| epoch 326 | loss -0.382361365724 | 0.551630846158 bits | time 0:00:01   
| epoch 327 | loss -0.380877572282 | 0.549490184717 bits | time 0:00:01   
| epoch 328 | loss -0.378286125410 | 0.545751517166 bits | time 0:00:01   
| epoch 329 | loss -0.383564211725 | 0.553366186118 bits | time 0:00:01   
| epoch 330 | loss -0.383882559421 | 0.553825464760 bits | time 0:00:01   
| epoch 331 | loss -0.382704012748 | 0.552125181320 bits | time 0:00:01   
| epoch 332 | loss -0.381947442217 | 0.551033680767 bits | time 0:00:01   
| epoch 333 | loss -0.378842702121 | 0.546554487626 bits | time 0:00:01   
| epoch 334 | loss -0.381217381524 | 0.549980425826 bits | time 0:00:01   
| epoch 335 | loss -0.380400381844 | 0.548801744439 bits | time 0:00:01   
| epoch 336 | loss -0.377714420029 | 0.544926720648 bits | time 0:00:01   
| epoch 337 | loss -0.383638839190 | 0.553473850792 bits | time 0:00:01   
| epoch 338 | loss -0.378312412323 | 0.545789441166 bits | time 0:00:01   
| epoch 339 | loss -0.385730346966 | 0.556491258688 bits | time 0:00:01   
| epoch 340 | loss -0.381360557335 | 0.550186984858 bits | time 0:00:01   
| epoch 341 | loss -0.382655485476 | 0.552055171266 bits | time 0:00:01   
| epoch 342 | loss -0.381791287929 | 0.550808397750 bits | time 0:00:01   
| epoch 343 | loss -0.376733802674 | 0.543511988853 bits | time 0:00:01   
| epoch 344 | loss -0.383646302340 | 0.553484617842 bits | time 0:00:01   
| epoch 345 | loss -0.381847963488 | 0.550890163298 bits | time 0:00:01   
| epoch 346 | loss -0.383160282272 | 0.552783439100 bits | time 0:00:01   
| epoch 347 | loss -0.379419582197 | 0.547386749652 bits | time 0:00:01   
| epoch 348 | loss -0.381935025479 | 0.551015767200 bits | time 0:00:01   
| epoch 349 | loss -0.383741192539 | 0.553621515461 bits | time 0:00:01   
| epoch 350 | loss -0.382242387185 | 0.551459196410 bits | time 0:00:01   
| epoch 351 | loss -0.383458610160 | 0.553213835263 bits | time 0:00:01   
| epoch 352 | loss -0.381787311414 | 0.550802660852 bits | time 0:00:01   
| epoch 353 | loss -0.382610856617 | 0.551990785432 bits | time 0:00:01   
| epoch 354 | loss -0.384691653185 | 0.554992740322 bits | time 0:00:01   
| epoch 355 | loss -0.378637434870 | 0.546258349582 bits | time 0:00:01   
| epoch 356 | loss -0.388399879322 | 0.560342579780 bits | time 0:00:01   
| epoch 357 | loss -0.383967621889 | 0.553948183962 bits | time 0:00:01   
| epoch 358 | loss -0.377891955546 | 0.545182850259 bits | time 0:00:01   
| epoch 359 | loss -0.378281600042 | 0.545744988440 bits | time 0:00:01   
| epoch 360 | loss -0.374729598312 | 0.540620533158 bits | time 0:00:01   
| epoch 361 | loss -0.383689443692 | 0.553546857656 bits | time 0:00:01   
| epoch 362 | loss -0.377440073288 | 0.544530921965 bits | time 0:00:01   
| epoch 363 | loss -0.383531723794 | 0.553319315941 bits | time 0:00:01   
| epoch 364 | loss -0.377915916376 | 0.545217418429 bits | time 0:00:01   
| epoch 365 | loss -0.389006640693 | 0.561217951401 bits | time 0:00:01   
| epoch 366 | loss -0.382254990801 | 0.551477379584 bits | time 0:00:01   
| epoch 367 | loss -0.386384623357 | 0.557435179993 bits | time 0:00:01   
| epoch 368 | loss -0.379348051722 | 0.547283552990 bits | time 0:00:01   
| epoch 369 | loss -0.382417186344 | 0.551711378289 bits | time 0:00:01   
| epoch 370 | loss -0.383621201670 | 0.553448405229 bits | time 0:00:01   
| epoch 371 | loss -0.384447655011 | 0.554640725365 bits | time 0:00:01   
| epoch 372 | loss -0.381433563934 | 0.550292311117 bits | time 0:00:01   
| epoch 373 | loss -0.383991548727 | 0.553982703092 bits | time 0:00:01   
| epoch 374 | loss -0.378890757061 | 0.546623816251 bits | time 0:00:01   
| epoch 375 | loss -0.381076913534 | 0.549777773353 bits | time 0:00:01   
| epoch 376 | loss -0.386765583124 | 0.557984788760 bits | time 0:00:01   
| epoch 377 | loss -0.377096109349 | 0.544034686897 bits | time 0:00:01   
| epoch 378 | loss -0.377312761561 | 0.544347249968 bits | time 0:00:01   
| epoch 379 | loss -0.383803386034 | 0.553711241707 bits | time 0:00:01   
| epoch 380 | loss -0.386589095826 | 0.557730171411 bits | time 0:00:01   
| epoch 381 | loss -0.384763828718 | 0.555096867605 bits | time 0:00:01   
| epoch 382 | loss -0.378171970183 | 0.545586825987 bits | time 0:00:01   
| epoch 383 | loss -0.384997550704 | 0.555434057156 bits | time 0:00:01   
| epoch 384 | loss -0.384773397161 | 0.555110671950 bits | time 0:00:01   
| epoch 385 | loss -0.384653443011 | 0.554937614693 bits | time 0:00:01   
| epoch 386 | loss -0.384943263917 | 0.555355737876 bits | time 0:00:01   
| epoch 387 | loss -0.382464802866 | 0.551780074409 bits | time 0:00:01   
| epoch 388 | loss -0.384589746634 | 0.554845720246 bits | time 0:00:01   
| epoch 389 | loss -0.380240258156 | 0.548570734787 bits | time 0:00:01   
| epoch 390 | loss -0.384462524868 | 0.554662178034 bits | time 0:00:01   
| epoch 391 | loss -0.381722450335 | 0.550709086095 bits | time 0:00:01   
| epoch 392 | loss -0.381859917698 | 0.550907409577 bits | time 0:00:01   
| epoch 393 | loss -0.383176265645 | 0.552806498233 bits | time 0:00:01   
| epoch 394 | loss -0.382205146140 | 0.551405468939 bits | time 0:00:01   
| epoch 395 | loss -0.382101510738 | 0.551255954658 bits | time 0:00:01   
| epoch 396 | loss -0.380413731624 | 0.548821004101 bits | time 0:00:01   
| epoch 397 | loss -0.383215271589 | 0.552862771914 bits | time 0:00:01   
| epoch 398 | loss -0.385391329502 | 0.556002159874 bits | time 0:00:01   
| epoch 399 | loss -0.379301851087 | 0.547216899563 bits | time 0:00:01   
| epoch 400 | loss -0.382493828589 | 0.551821949676 bits | time 0:00:03   
| epoch 401 | loss -0.382720529796 | 0.552149010383 bits | time 0:00:03   
| epoch 402 | loss -0.379495279147 | 0.547495957266 bits | time 0:00:03   
| epoch 403 | loss -0.380835633695 | 0.549429680126 bits | time 0:00:02   
| epoch 404 | loss -0.379555907189 | 0.547583425042 bits | time 0:00:02   
| epoch 405 | loss -0.383383430995 | 0.553105374656 bits | time 0:00:02   
| epoch 406 | loss -0.382355550240 | 0.551622456187 bits | time 0:00:02   
| epoch 407 | loss -0.381277684982 | 0.550067425325 bits | time 0:00:01   
| epoch 408 | loss -0.381575596190 | 0.550497220348 bits | time 0:00:01   
| epoch 409 | loss -0.386777836385 | 0.558002466478 bits | time 0:00:01   
| epoch 410 | loss -0.383929908671 | 0.553893775288 bits | time 0:00:01   
| epoch 411 | loss -0.384194664914 | 0.554275737807 bits | time 0:00:01   
| epoch 412 | loss -0.381898519452 | 0.550963100136 bits | time 0:00:01   
| epoch 413 | loss -0.381918702739 | 0.550992218464 bits | time 0:00:01   
| epoch 414 | loss -0.383418703743 | 0.553156262474 bits | time 0:00:01   
| epoch 415 | loss -0.385430756156 | 0.556059040512 bits | time 0:00:01   
| epoch 416 | loss -0.378718623432 | 0.546375479918 bits | time 0:00:01   
| epoch 417 | loss -0.386544880484 | 0.557666382156 bits | time 0:00:01   
| epoch 418 | loss -0.381990727284 | 0.551096127919 bits | time 0:00:01   
| epoch 419 | loss -0.380372900071 | 0.548762096621 bits | time 0:00:02   
| epoch 420 | loss -0.383230411168 | 0.552884613711 bits | time 0:00:01   
| epoch 421 | loss -0.385847713492 | 0.556660582793 bits | time 0:00:01   
| epoch 422 | loss -0.381481381958 | 0.550361297943 bits | time 0:00:01   
| epoch 423 | loss -0.384369384942 | 0.554527805525 bits | time 0:00:01   
| epoch 424 | loss -0.385342295195 | 0.555931418323 bits | time 0:00:01   
| epoch 425 | loss -0.381560565543 | 0.550475535708 bits | time 0:00:01   
| epoch 426 | loss -0.386149824614 | 0.557096437011 bits | time 0:00:01   
| epoch 427 | loss -0.386380950636 | 0.557429881377 bits | time 0:00:01   
| epoch 428 | loss -0.383410951424 | 0.553145078242 bits | time 0:00:01   
| epoch 429 | loss -0.378229085979 | 0.545669226661 bits | time 0:00:01   
| epoch 430 | loss -0.379933275105 | 0.548127851862 bits | time 0:00:02   
| epoch 431 | loss -0.385313744491 | 0.555890228364 bits | time 0:00:02   
| epoch 432 | loss -0.386566758235 | 0.557697945078 bits | time 0:00:02   
| epoch 433 | loss -0.385286369359 | 0.555850734396 bits | time 0:00:02   
| epoch 434 | loss -0.382409587779 | 0.551700415877 bits | time 0:00:02   
| epoch 435 | loss -0.383104588846 | 0.552703090470 bits | time 0:00:02   
| epoch 436 | loss -0.382692634901 | 0.552108766557 bits | time 0:00:02   
| epoch 437 | loss -0.384349335410 | 0.554498880165 bits | time 0:00:02   
| epoch 438 | loss -0.387103819246 | 0.558472760336 bits | time 0:00:02   
| epoch 439 | loss -0.384405449230 | 0.554579835295 bits | time 0:00:01   
| epoch 440 | loss -0.381699371085 | 0.550675789775 bits | time 0:00:01   
| epoch 441 | loss -0.383132361053 | 0.552743157296 bits | time 0:00:01   
| epoch 442 | loss -0.378638278268 | 0.546259566348 bits | time 0:00:02   
| epoch 443 | loss -0.384531503884 | 0.554761693719 bits | time 0:00:01   
| epoch 444 | loss -0.385886882755 | 0.556717092095 bits | time 0:00:01   
| epoch 445 | loss -0.385442759614 | 0.556076357842 bits | time 0:00:01   
| epoch 446 | loss -0.382635075312 | 0.552025725623 bits | time 0:00:02   
| epoch 447 | loss -0.381290984802 | 0.550086612909 bits | time 0:00:02   
| epoch 448 | loss -0.383838828663 | 0.553762374613 bits | time 0:00:02   
| epoch 449 | loss -0.384375115763 | 0.554536073352 bits | time 0:00:01   
| epoch 450 | loss -0.384560192770 | 0.554803083032 bits | time 0:00:01   
| epoch 451 | loss -0.386427211509 | 0.557496621708 bits | time 0:00:02   
| epoch 452 | loss -0.382507865087 | 0.551842200063 bits | time 0:00:02   
| epoch 453 | loss -0.383771747430 | 0.553665596850 bits | time 0:00:01   
| epoch 454 | loss -0.381499943351 | 0.550388076371 bits | time 0:00:01   
| epoch 455 | loss -0.380647580013 | 0.549158376012 bits | time 0:00:01   
| epoch 456 | loss -0.387914751506 | 0.559642688285 bits | time 0:00:01   
| epoch 457 | loss -0.387919688810 | 0.559649811309 bits | time 0:00:01   
| epoch 458 | loss -0.383057020150 | 0.552634463348 bits | time 0:00:01   
| epoch 459 | loss -0.385938888994 | 0.556792121237 bits | time 0:00:01   
| epoch 460 | loss -0.381901802688 | 0.550967836844 bits | time 0:00:01   
| epoch 461 | loss -0.383746390950 | 0.553629015182 bits | time 0:00:01   
| epoch 462 | loss -0.381543844306 | 0.550451412062 bits | time 0:00:01   
| epoch 463 | loss -0.383975227806 | 0.553959156979 bits | time 0:00:01   
| epoch 464 | loss -0.383718371233 | 0.553588591276 bits | time 0:00:01   
| epoch 465 | loss -0.382390596822 | 0.551673017718 bits | time 0:00:02   
| epoch 466 | loss -0.383325751881 | 0.553022161283 bits | time 0:00:01   
| epoch 467 | loss -0.383030369917 | 0.552596015190 bits | time 0:00:01   
| epoch 468 | loss -0.385561655387 | 0.556247888183 bits | time 0:00:01   
| epoch 469 | loss -0.383106036512 | 0.552705179010 bits | time 0:00:02   
| epoch 470 | loss -0.385436163578 | 0.556066841773 bits | time 0:00:01   
| epoch 471 | loss -0.382042468464 | 0.551170774662 bits | time 0:00:01   
| epoch 472 | loss -0.382047097547 | 0.551177453017 bits | time 0:00:01   
| epoch 473 | loss -0.381959554450 | 0.551051155026 bits | time 0:00:01   
| epoch 474 | loss -0.386774754888 | 0.557998020818 bits | time 0:00:01   
| epoch 475 | loss -0.381746628240 | 0.550743967438 bits | time 0:00:01   
| epoch 476 | loss -0.386161479457 | 0.557113251394 bits | time 0:00:01   
| epoch 477 | loss -0.384710445249 | 0.555019851539 bits | time 0:00:01   
| epoch 478 | loss -0.386313824660 | 0.557333039064 bits | time 0:00:01   
| epoch 479 | loss -0.383786673136 | 0.553687130093 bits | time 0:00:02   
| epoch 480 | loss -0.378969510054 | 0.546737432803 bits | time 0:00:01   
| epoch 481 | loss -0.382785853087 | 0.552243251972 bits | time 0:00:01   
| epoch 482 | loss -0.387718382739 | 0.559359388039 bits | time 0:00:01   
| epoch 483 | loss -0.388503244527 | 0.560491704249 bits | time 0:00:01   
| epoch 484 | loss -0.386413065524 | 0.557476213366 bits | time 0:00:01   
| epoch 485 | loss -0.384615051572 | 0.554882227555 bits | time 0:00:01   
| epoch 486 | loss -0.382208239178 | 0.551409931250 bits | time 0:00:01   
| epoch 487 | loss -0.388440551982 | 0.560401258025 bits | time 0:00:01   
| epoch 488 | loss -0.382461563820 | 0.551775401454 bits | time 0:00:01   
| epoch 489 | loss -0.383780891209 | 0.553678788535 bits | time 0:00:01   
| epoch 490 | loss -0.384934574445 | 0.555343201618 bits | time 0:00:01   
| epoch 491 | loss -0.383155997378 | 0.552777257304 bits | time 0:00:01   
| epoch 492 | loss -0.384211997771 | 0.554300743834 bits | time 0:00:01   
| epoch 493 | loss -0.387117153375 | 0.558491997416 bits | time 0:00:01   
| epoch 494 | loss -0.376755493073 | 0.543543281484 bits | time 0:00:01   
| epoch 495 | loss -0.382104544883 | 0.551260332004 bits | time 0:00:01   
| epoch 496 | loss -0.384764682156 | 0.555098098855 bits | time 0:00:01   
| epoch 497 | loss -0.392394158347 | 0.566105106321 bits | time 0:00:01   
| epoch 498 | loss -0.386941604494 | 0.558238733917 bits | time 0:00:01   
| epoch 499 | loss -0.388111656873 | 0.559926762681 bits | time 0:00:01   
| epoch 500 | loss -0.384213004647 | 0.554302196449 bits | time 0:00:01   

Training time 0:10:38   
=========================================================================================
=========================================================================================
