python main.py ./simulatedPlanets/example-sim-model_Rp_loguP ./simulatedPlanets/fake_grammaticalSystems_Rp_loguP.txt --num_planet_features 2 --num_stellar_features 0 --num_labels 3 --batch_size 100 --epochs 500 --width 2 --seed 128 --dropout_prob 0.05 --train

Random seed: 128
-----------------------------------------------------------------------------------------
[DATA]
   data:          ./simulatedPlanets/fake_grammaticalSystems_Rp_loguP.txt
   # planets:     37654
-----------------------------------------------------------------------------------------
[TRAINING]
   num_labels:    3
   batch_size:    100
   lr:            0.002
   epochs:        500

| epoch   1 | loss 0.000000005059 | -0.000000007299 bits | time 0:00:01   
| epoch   2 | loss 0.000000004743 | -0.000000006843 bits | time 0:00:01   
| epoch   3 | loss 0.000000005375 | -0.000000007755 bits | time 0:00:01   
| epoch   4 | loss 0.000000004743 | -0.000000006843 bits | time 0:00:01   
| epoch   5 | loss 0.000000006008 | -0.000000008668 bits | time 0:00:01   
| epoch   6 | loss 0.000000002213 | -0.000000003193 bits | time 0:00:01   
| epoch   7 | loss 0.000000000000 | -0.000000000000 bits | time 0:00:01   
| epoch   8 | loss -0.000000048379 | 0.000000069797 bits | time 0:00:01   
| epoch   9 | loss -0.063454827200 | 0.091545964522 bits | time 0:00:01   
| epoch  10 | loss -0.237547976585 | 0.342709287792 bits | time 0:00:01   
| epoch  11 | loss -0.285275810751 | 0.411565997457 bits | time 0:00:01   
| epoch  12 | loss -0.303792307010 | 0.438279654784 bits | time 0:00:01   
| epoch  13 | loss -0.311280247545 | 0.449082469460 bits | time 0:00:01   
| epoch  14 | loss -0.316840880429 | 0.457104766946 bits | time 0:00:01   
| epoch  15 | loss -0.317330681677 | 0.457811400777 bits | time 0:00:01   
| epoch  16 | loss -0.320797508528 | 0.462812974683 bits | time 0:00:03   
| epoch  17 | loss -0.323453758060 | 0.466645132710 bits | time 0:00:01   
| epoch  18 | loss -0.321211058676 | 0.463409601431 bits | time 0:00:03   
| epoch  19 | loss -0.326251120719 | 0.470680873946 bits | time 0:00:02   
| epoch  20 | loss -0.328268016365 | 0.473590639292 bits | time 0:00:02   
| epoch  21 | loss -0.327257173289 | 0.472132300999 bits | time 0:00:01   
| epoch  22 | loss -0.330464084047 | 0.476758895247 bits | time 0:00:02   
| epoch  23 | loss -0.328970526194 | 0.474604146739 bits | time 0:00:02   
| epoch  24 | loss -0.333946467395 | 0.481782912432 bits | time 0:00:03   
| epoch  25 | loss -0.346496204799 | 0.499888356350 bits | time 0:00:01   
| epoch  26 | loss -0.365669864558 | 0.527550100201 bits | time 0:00:01   
| epoch  27 | loss -0.388662732802 | 0.560721797191 bits | time 0:00:01   
| epoch  28 | loss -0.405628142449 | 0.585197709556 bits | time 0:00:01   
| epoch  29 | loss -0.421067335719 | 0.607471757123 bits | time 0:00:01   
| epoch  30 | loss -0.435369017270 | 0.628104722172 bits | time 0:00:01   
| epoch  31 | loss -0.434535871845 | 0.626902747400 bits | time 0:00:01   
| epoch  32 | loss -0.441718355098 | 0.637264880369 bits | time 0:00:01   
| epoch  33 | loss -0.441853971317 | 0.637460533216 bits | time 0:00:01   
| epoch  34 | loss -0.442229240500 | 0.638001932206 bits | time 0:00:01   
| epoch  35 | loss -0.445164028624 | 0.642235936478 bits | time 0:00:01   
| epoch  36 | loss -0.447760539915 | 0.645981910441 bits | time 0:00:01   
| epoch  37 | loss -0.447591832446 | 0.645738517012 bits | time 0:00:01   
| epoch  38 | loss -0.451926901423 | 0.651992699527 bits | time 0:00:02   
| epoch  39 | loss -0.454551337489 | 0.655778960425 bits | time 0:00:01   
| epoch  40 | loss -0.450316086451 | 0.649668784755 bits | time 0:00:01   
| epoch  41 | loss -0.455234267272 | 0.656764219836 bits | time 0:00:01   
| epoch  42 | loss -0.455896859223 | 0.657720137958 bits | time 0:00:01   
| epoch  43 | loss -0.455074743345 | 0.656534075458 bits | time 0:00:01   
| epoch  44 | loss -0.455133569652 | 0.656618943879 bits | time 0:00:01   
| epoch  45 | loss -0.456489745597 | 0.658575492189 bits | time 0:00:01   
| epoch  46 | loss -0.456284575816 | 0.658279494765 bits | time 0:00:01   
| epoch  47 | loss -0.457713595515 | 0.660341134397 bits | time 0:00:01   
| epoch  48 | loss -0.459150566109 | 0.662414244747 bits | time 0:00:01   
| epoch  49 | loss -0.454756749008 | 0.656075306605 bits | time 0:00:02   
| epoch  50 | loss -0.456008453505 | 0.657881134475 bits | time 0:00:03   
| epoch  51 | loss -0.463449405422 | 0.668616158906 bits | time 0:00:02   
| epoch  52 | loss -0.462085356368 | 0.666648252099 bits | time 0:00:01   
| epoch  53 | loss -0.461573170335 | 0.665909323850 bits | time 0:00:01   
| epoch  54 | loss -0.464801606038 | 0.670566972028 bits | time 0:00:01   
| epoch  55 | loss -0.461510425853 | 0.665818802697 bits | time 0:00:02   
| epoch  56 | loss -0.455042980078 | 0.656488250749 bits | time 0:00:02   
| epoch  57 | loss -0.463640480759 | 0.668891822347 bits | time 0:00:01   
| epoch  58 | loss -0.461861686302 | 0.666325564404 bits | time 0:00:01   
| epoch  59 | loss -0.458481385079 | 0.661448820593 bits | time 0:00:02   
| epoch  60 | loss -0.463679304490 | 0.668947833150 bits | time 0:00:01   
| epoch  61 | loss -0.463590019894 | 0.668819022707 bits | time 0:00:01   
| epoch  62 | loss -0.461707788611 | 0.666103536969 bits | time 0:00:01   
| epoch  63 | loss -0.463459611097 | 0.668630882582 bits | time 0:00:01   
| epoch  64 | loss -0.463630232555 | 0.668877037313 bits | time 0:00:02   
| epoch  65 | loss -0.462720222672 | 0.667564170568 bits | time 0:00:02   
| epoch  66 | loss -0.464494771603 | 0.670124303511 bits | time 0:00:02   
| epoch  67 | loss -0.467611511680 | 0.674620808963 bits | time 0:00:01   
| epoch  68 | loss -0.458737976513 | 0.661819003783 bits | time 0:00:01   
| epoch  69 | loss -0.460096440913 | 0.663778853636 bits | time 0:00:02   
| epoch  70 | loss -0.463627569239 | 0.668873194961 bits | time 0:00:01   
| epoch  71 | loss -0.466938661327 | 0.673650091096 bits | time 0:00:01   
| epoch  72 | loss -0.460300351802 | 0.664073034864 bits | time 0:00:01   
| epoch  73 | loss -0.465956600892 | 0.672233277376 bits | time 0:00:01   
| epoch  74 | loss -0.470424411942 | 0.678678966222 bits | time 0:00:01   
| epoch  75 | loss -0.464268869920 | 0.669798396273 bits | time 0:00:01   
| epoch  76 | loss -0.458376887781 | 0.661298062859 bits | time 0:00:02   
| epoch  77 | loss -0.464991331733 | 0.670840688347 bits | time 0:00:02   
| epoch  78 | loss -0.460150397425 | 0.663856696428 bits | time 0:00:01   
| epoch  79 | loss -0.464115176656 | 0.669576663763 bits | time 0:00:01   
| epoch  80 | loss -0.463834015855 | 0.669171034470 bits | time 0:00:01   
| epoch  81 | loss -0.466054369742 | 0.672374328012 bits | time 0:00:02   
| epoch  82 | loss -0.459400578266 | 0.662774936046 bits | time 0:00:01   
| epoch  83 | loss -0.465942246923 | 0.672212568977 bits | time 0:00:01   
| epoch  84 | loss -0.462068378451 | 0.666623758143 bits | time 0:00:01   
| epoch  85 | loss -0.463724324099 | 0.669012782718 bits | time 0:00:01   
| epoch  86 | loss -0.468737527135 | 0.676245305877 bits | time 0:00:01   
| epoch  87 | loss -0.463493419895 | 0.668679658367 bits | time 0:00:01   
| epoch  88 | loss -0.466068308613 | 0.672394437551 bits | time 0:00:01   
| epoch  89 | loss -0.468869186444 | 0.676435250108 bits | time 0:00:01   
| epoch  90 | loss -0.459655692707 | 0.663142988385 bits | time 0:00:01   
| epoch  91 | loss -0.459756741078 | 0.663288770368 bits | time 0:00:01   
| epoch  92 | loss -0.459760583601 | 0.663294313958 bits | time 0:00:01   
| epoch  93 | loss -0.467297130618 | 0.674167252964 bits | time 0:00:01   
| epoch  94 | loss -0.470823024723 | 0.679254042904 bits | time 0:00:02   
| epoch  95 | loss -0.461500411483 | 0.665804355014 bits | time 0:00:02   
| epoch  96 | loss -0.465194051794 | 0.671133151574 bits | time 0:00:01   
| epoch  97 | loss -0.471030660349 | 0.679553597792 bits | time 0:00:01   
| epoch  98 | loss -0.464778441965 | 0.670533553336 bits | time 0:00:01   
| epoch  99 | loss -0.466607889541 | 0.673172888280 bits | time 0:00:01   
| epoch 100 | loss -0.476341946293 | 0.687216163684 bits | time 0:00:01   
| epoch 101 | loss -0.467704428128 | 0.674754859062 bits | time 0:00:01   
| epoch 102 | loss -0.468879577731 | 0.676450241567 bits | time 0:00:01   
| epoch 103 | loss -0.464401232390 | 0.669989354952 bits | time 0:00:01   
| epoch 104 | loss -0.469080131234 | 0.676739579111 bits | time 0:00:01   
| epoch 105 | loss -0.470763930908 | 0.679168788550 bits | time 0:00:01   
| epoch 106 | loss -0.471114364085 | 0.679674356756 bits | time 0:00:01   
| epoch 107 | loss -0.478633348917 | 0.690521958886 bits | time 0:00:01   
| epoch 108 | loss -0.474799130339 | 0.684990350759 bits | time 0:00:01   
| epoch 109 | loss -0.460165893367 | 0.663879052348 bits | time 0:00:01   
| epoch 110 | loss -0.473765349673 | 0.683498920518 bits | time 0:00:01   
| epoch 111 | loss -0.468235781322 | 0.675521439681 bits | time 0:00:01   
| epoch 112 | loss -0.473059824512 | 0.682481062868 bits | time 0:00:01   
| epoch 113 | loss -0.468601182459 | 0.676048602088 bits | time 0:00:01   
| epoch 114 | loss -0.464843967865 | 0.670628087226 bits | time 0:00:01   
| epoch 115 | loss -0.470082078673 | 0.678185083712 bits | time 0:00:01   
| epoch 116 | loss -0.478777991208 | 0.690730633602 bits | time 0:00:01   
| epoch 117 | loss -0.471377101280 | 0.680053406405 bits | time 0:00:01   
| epoch 118 | loss -0.466234101778 | 0.672633626528 bits | time 0:00:01   
| epoch 119 | loss -0.468407786493 | 0.675769590688 bits | time 0:00:01   
| epoch 120 | loss -0.472016435640 | 0.680975770916 bits | time 0:00:01   
| epoch 121 | loss -0.475046027481 | 0.685346548041 bits | time 0:00:01   
| epoch 122 | loss -0.476291757522 | 0.687143756593 bits | time 0:00:01   
| epoch 123 | loss -0.471311579570 | 0.679958878559 bits | time 0:00:01   
| epoch 124 | loss -0.472704893872 | 0.681969006194 bits | time 0:00:01   
| epoch 125 | loss -0.476015325092 | 0.686744948898 bits | time 0:00:01   
| epoch 126 | loss -0.479922367423 | 0.692381619493 bits | time 0:00:02   
| epoch 127 | loss -0.477015662415 | 0.688188130592 bits | time 0:00:01   
| epoch 128 | loss -0.487270361233 | 0.702982533722 bits | time 0:00:01   
| epoch 129 | loss -0.481348007206 | 0.694438382938 bits | time 0:00:01   
| epoch 130 | loss -0.480992666053 | 0.693925734018 bits | time 0:00:01   
| epoch 131 | loss -0.490978611006 | 0.708332407280 bits | time 0:00:01   
| epoch 132 | loss -0.488425029605 | 0.704648368057 bits | time 0:00:01   
| epoch 133 | loss -0.492738720514 | 0.710871708539 bits | time 0:00:01   
| epoch 134 | loss -0.496587637012 | 0.716424521283 bits | time 0:00:01   
| epoch 135 | loss -0.499835369125 | 0.721110008298 bits | time 0:00:02   
| epoch 136 | loss -0.507606926426 | 0.732321995476 bits | time 0:00:01   
| epoch 137 | loss -0.508993341373 | 0.734322169444 bits | time 0:00:01   
| epoch 138 | loss -0.513785491888 | 0.741235781227 bits | time 0:00:01   
| epoch 139 | loss -0.528646089512 | 0.762675091724 bits | time 0:00:01   
| epoch 140 | loss -0.530197455017 | 0.764913239044 bits | time 0:00:01   
| epoch 141 | loss -0.539152593527 | 0.777832772964 bits | time 0:00:01   
| epoch 142 | loss -0.544233685937 | 0.785163239787 bits | time 0:00:01   
| epoch 143 | loss -0.544794834656 | 0.785972806260 bits | time 0:00:01   
| epoch 144 | loss -0.547619023437 | 0.790047249409 bits | time 0:00:02   
| epoch 145 | loss -0.545488185291 | 0.786973099783 bits | time 0:00:01   
| epoch 146 | loss -0.553461136726 | 0.798475637280 bits | time 0:00:02   
| epoch 147 | loss -0.552373832749 | 0.796906989224 bits | time 0:00:01   
| epoch 148 | loss -0.555243389439 | 0.801046884430 bits | time 0:00:01   
| epoch 149 | loss -0.556613679037 | 0.803023794437 bits | time 0:00:01   
| epoch 150 | loss -0.564411071235 | 0.814273053494 bits | time 0:00:01   
| epoch 151 | loss -0.564555620088 | 0.814481593407 bits | time 0:00:02   
| epoch 152 | loss -0.570025761501 | 0.822373339296 bits | time 0:00:01   
| epoch 153 | loss -0.562682987524 | 0.811779955694 bits | time 0:00:01   
| epoch 154 | loss -0.566157558948 | 0.816792702656 bits | time 0:00:02   
| epoch 155 | loss -0.566471005624 | 0.817244910622 bits | time 0:00:02   
| epoch 156 | loss -0.561024630339 | 0.809387452006 bits | time 0:00:02   
| epoch 157 | loss -0.569048308883 | 0.820963173252 bits | time 0:00:01   
| epoch 158 | loss -0.566635459741 | 0.817482167760 bits | time 0:00:02   
| epoch 159 | loss -0.578588513228 | 0.834726778749 bits | time 0:00:02   
| epoch 160 | loss -0.576965717485 | 0.832385579379 bits | time 0:00:01   
| epoch 161 | loss -0.575113918800 | 0.829713998599 bits | time 0:00:03   
| epoch 162 | loss -0.581577223792 | 0.839038576659 bits | time 0:00:02   
| epoch 163 | loss -0.573565640721 | 0.827480305493 bits | time 0:00:02   
| epoch 164 | loss -0.579892966807 | 0.836608707459 bits | time 0:00:02   
| epoch 165 | loss -0.579972072764 | 0.836722833230 bits | time 0:00:03   
| epoch 166 | loss -0.578830075517 | 0.835075279466 bits | time 0:00:05   
| epoch 167 | loss -0.580943862861 | 0.838124829984 bits | time 0:00:05   
| epoch 168 | loss -0.581760423569 | 0.839302878069 bits | time 0:00:02   
| epoch 169 | loss -0.591354282054 | 0.853143890128 bits | time 0:00:01   
| epoch 170 | loss -0.589990846042 | 0.851176867755 bits | time 0:00:01   
| epoch 171 | loss -0.587530137848 | 0.847626816245 bits | time 0:00:01   
| epoch 172 | loss -0.584654508440 | 0.843478159960 bits | time 0:00:01   
| epoch 173 | loss -0.590668166190 | 0.852154034173 bits | time 0:00:01   
| epoch 174 | loss -0.585629476635 | 0.844884741739 bits | time 0:00:01   
| epoch 175 | loss -0.584061305624 | 0.842622349199 bits | time 0:00:01   
| epoch 176 | loss -0.584291608643 | 0.842954606223 bits | time 0:00:01   
| epoch 177 | loss -0.591106582067 | 0.852786534585 bits | time 0:00:01   
| epoch 178 | loss -0.586030643878 | 0.845463503732 bits | time 0:00:01   
| epoch 179 | loss -0.594613720236 | 0.857846265428 bits | time 0:00:01   
| epoch 180 | loss -0.592188526686 | 0.854347450721 bits | time 0:00:02   
| epoch 181 | loss -0.595676655953 | 0.859379757516 bits | time 0:00:01   
| epoch 182 | loss -0.592807481555 | 0.855240413841 bits | time 0:00:01   
| epoch 183 | loss -0.596555842487 | 0.860648155569 bits | time 0:00:01   
| epoch 184 | loss -0.590407784327 | 0.851778382550 bits | time 0:00:01   
| epoch 185 | loss -0.598168655953 | 0.862974953559 bits | time 0:00:01   
| epoch 186 | loss -0.599379011427 | 0.864721127399 bits | time 0:00:01   
| epoch 187 | loss -0.603338960469 | 0.870434126244 bits | time 0:00:01   
| epoch 188 | loss -0.599435644694 | 0.864802831932 bits | time 0:00:01   
| epoch 189 | loss -0.597456286377 | 0.861947221504 bits | time 0:00:01   
| epoch 190 | loss -0.604782661487 | 0.872516946543 bits | time 0:00:01   
| epoch 191 | loss -0.602084860245 | 0.868624842070 bits | time 0:00:01   
| epoch 192 | loss -0.605299639291 | 0.873262787857 bits | time 0:00:02   
| epoch 193 | loss -0.602139096519 | 0.868703088474 bits | time 0:00:01   
| epoch 194 | loss -0.606910725487 | 0.875587093923 bits | time 0:00:01   
| epoch 195 | loss -0.609505374647 | 0.879330381398 bits | time 0:00:01   
| epoch 196 | loss -0.605309065046 | 0.873276386347 bits | time 0:00:01   
| epoch 197 | loss -0.601479181718 | 0.867751032663 bits | time 0:00:01   
| epoch 198 | loss -0.609595454498 | 0.879460339153 bits | time 0:00:01   
| epoch 199 | loss -0.602788323433 | 0.869639724922 bits | time 0:00:01   
| epoch 200 | loss -0.610118859485 | 0.880215452931 bits | time 0:00:01   
| epoch 201 | loss -0.609550627378 | 0.879395667289 bits | time 0:00:01   
| epoch 202 | loss -0.604041005952 | 0.871446963780 bits | time 0:00:01   
| epoch 203 | loss -0.608990511938 | 0.878587591522 bits | time 0:00:01   
| epoch 204 | loss -0.610947185549 | 0.881410474837 bits | time 0:00:01   
| epoch 205 | loss -0.608342358699 | 0.877652504058 bits | time 0:00:01   
| epoch 206 | loss -0.610634465591 | 0.880959315304 bits | time 0:00:01   
| epoch 207 | loss -0.618174736791 | 0.891837627171 bits | time 0:00:01   
| epoch 208 | loss -0.615018012195 | 0.887283436251 bits | time 0:00:01   
| epoch 209 | loss -0.614909245418 | 0.887126518961 bits | time 0:00:01   
| epoch 210 | loss -0.610390484017 | 0.880607324297 bits | time 0:00:01   
| epoch 211 | loss -0.610136503250 | 0.880240907504 bits | time 0:00:01   
| epoch 212 | loss -0.614600488773 | 0.886681077280 bits | time 0:00:01   
| epoch 213 | loss -0.613248109501 | 0.884730006412 bits | time 0:00:01   
| epoch 214 | loss -0.619935651357 | 0.894378089883 bits | time 0:00:01   
| epoch 215 | loss -0.619309634366 | 0.893474938274 bits | time 0:00:01   
| epoch 216 | loss -0.618531710115 | 0.892352630815 bits | time 0:00:01   
| epoch 217 | loss -0.618946603502 | 0.892951195447 bits | time 0:00:01   
| epoch 218 | loss -0.617390437531 | 0.890706122518 bits | time 0:00:01   
| epoch 219 | loss -0.621208489257 | 0.896214406810 bits | time 0:00:01   
| epoch 220 | loss -0.630641026585 | 0.909822681636 bits | time 0:00:01   
| epoch 221 | loss -0.620377028811 | 0.895014862946 bits | time 0:00:01   
| epoch 222 | loss -0.622759800849 | 0.898452476350 bits | time 0:00:01   
| epoch 223 | loss -0.621345173459 | 0.896411600429 bits | time 0:00:01   
| epoch 224 | loss -0.626764074087 | 0.904229421492 bits | time 0:00:01   
| epoch 225 | loss -0.623360790688 | 0.899319521410 bits | time 0:00:01   
| epoch 226 | loss -0.624461038992 | 0.900906844182 bits | time 0:00:01   
| epoch 227 | loss -0.627671529191 | 0.905538602470 bits | time 0:00:01   
| epoch 228 | loss -0.625425474397 | 0.902298230358 bits | time 0:00:01   
| epoch 229 | loss -0.627497481731 | 0.905287505063 bits | time 0:00:01   
| epoch 230 | loss -0.622430429218 | 0.897977293532 bits | time 0:00:01   
| epoch 231 | loss -0.626926347495 | 0.904463532533 bits | time 0:00:01   
| epoch 232 | loss -0.627420106997 | 0.905175876918 bits | time 0:00:01   
| epoch 233 | loss -0.622731037892 | 0.898410980175 bits | time 0:00:01   
| epoch 234 | loss -0.627891301634 | 0.905855667085 bits | time 0:00:01   
| epoch 235 | loss -0.628097191413 | 0.906152703248 bits | time 0:00:01   
| epoch 236 | loss -0.629348085002 | 0.907957361226 bits | time 0:00:01   
| epoch 237 | loss -0.630012627148 | 0.908916092883 bits | time 0:00:01   
| epoch 238 | loss -0.631346191905 | 0.910840020145 bits | time 0:00:01   
| epoch 239 | loss -0.632029498604 | 0.911825823331 bits | time 0:00:01   
| epoch 240 | loss -0.631928585727 | 0.911680236824 bits | time 0:00:01   
| epoch 241 | loss -0.627724214795 | 0.905614611731 bits | time 0:00:01   
| epoch 242 | loss -0.625759178669 | 0.902779663856 bits | time 0:00:01   
| epoch 243 | loss -0.632030758997 | 0.911827641694 bits | time 0:00:01   
| epoch 244 | loss -0.632970743692 | 0.913183752952 bits | time 0:00:01   
| epoch 245 | loss -0.629863441781 | 0.908700863895 bits | time 0:00:01   
| epoch 246 | loss -0.638907243940 | 0.921748312420 bits | time 0:00:01   
| epoch 247 | loss -0.630094429700 | 0.909034109020 bits | time 0:00:01   
| epoch 248 | loss -0.624555950772 | 0.901043772936 bits | time 0:00:01   
| epoch 249 | loss -0.631198578235 | 0.910627058636 bits | time 0:00:01   
| epoch 250 | loss -0.633567071246 | 0.914044071757 bits | time 0:00:01   
| epoch 251 | loss -0.633432653918 | 0.913850148544 bits | time 0:00:01   
| epoch 252 | loss -0.632766833830 | 0.912889573206 bits | time 0:00:01   
| epoch 253 | loss -0.635477790466 | 0.916800656900 bits | time 0:00:01   
| epoch 254 | loss -0.636141833165 | 0.917758668009 bits | time 0:00:01   
| epoch 255 | loss -0.634773586410 | 0.915784705201 bits | time 0:00:01   
| epoch 256 | loss -0.634582240164 | 0.915508650921 bits | time 0:00:01   
| epoch 257 | loss -0.629981286330 | 0.908870877641 bits | time 0:00:01   
| epoch 258 | loss -0.631042049956 | 0.910401236063 bits | time 0:00:01   
| epoch 259 | loss -0.635489074242 | 0.916816935947 bits | time 0:00:01   
| epoch 260 | loss -0.636153318522 | 0.917775237876 bits | time 0:00:01   
| epoch 261 | loss -0.638522141334 | 0.921192726800 bits | time 0:00:01   
| epoch 262 | loss -0.639654422787 | 0.922826263637 bits | time 0:00:01   
| epoch 263 | loss -0.628696354062 | 0.907017112230 bits | time 0:00:01   
| epoch 264 | loss -0.641267142814 | 0.925152926823 bits | time 0:00:01   
| epoch 265 | loss -0.643943076267 | 0.929013482745 bits | time 0:00:01   
| epoch 266 | loss -0.637593083420 | 0.919852379555 bits | time 0:00:01   
| epoch 267 | loss -0.639678516502 | 0.922861023520 bits | time 0:00:01   
| epoch 268 | loss -0.645073747919 | 0.930644697131 bits | time 0:00:01   
| epoch 269 | loss -0.641836945195 | 0.925974977892 bits | time 0:00:01   
| epoch 270 | loss -0.640507238455 | 0.924056616573 bits | time 0:00:01   
| epoch 271 | loss -0.638723632543 | 0.921483417169 bits | time 0:00:01   
| epoch 272 | loss -0.640172807544 | 0.923574134756 bits | time 0:00:01   
| epoch 273 | loss -0.644227094770 | 0.929423234832 bits | time 0:00:01   
| epoch 274 | loss -0.643126721249 | 0.927835731410 bits | time 0:00:01   
| epoch 275 | loss -0.643908500355 | 0.928963600249 bits | time 0:00:01   
| epoch 276 | loss -0.644256497726 | 0.929465654330 bits | time 0:00:01   
| epoch 277 | loss -0.643424257201 | 0.928264985052 bits | time 0:00:01   
| epoch 278 | loss -0.641565118766 | 0.925582815251 bits | time 0:00:01   
| epoch 279 | loss -0.642774346811 | 0.927327362555 bits | time 0:00:01   
| epoch 280 | loss -0.649231049679 | 0.936642415763 bits | time 0:00:01   
| epoch 281 | loss -0.646717704259 | 0.933016424790 bits | time 0:00:01   
| epoch 282 | loss -0.651621773167 | 0.940091500683 bits | time 0:00:01   
| epoch 283 | loss -0.642607231829 | 0.927086266600 bits | time 0:00:01   
| epoch 284 | loss -0.644658113664 | 0.930045063652 bits | time 0:00:01   
| epoch 285 | loss -0.644689736695 | 0.930090686042 bits | time 0:00:01   
| epoch 286 | loss -0.643373635783 | 0.928191953783 bits | time 0:00:01   
| epoch 287 | loss -0.647878842265 | 0.934691592833 bits | time 0:00:01   
| epoch 288 | loss -0.645784971885 | 0.931670776419 bits | time 0:00:01   
| epoch 289 | loss -0.647428138977 | 0.934041365434 bits | time 0:00:01   
| epoch 290 | loss -0.647426303565 | 0.934038717494 bits | time 0:00:01   
| epoch 291 | loss -0.647562327689 | 0.934234958823 bits | time 0:00:01   
| epoch 292 | loss -0.651236001946 | 0.939534950455 bits | time 0:00:01   
| epoch 293 | loss -0.652307469902 | 0.941080751962 bits | time 0:00:01   
| epoch 294 | loss -0.647221341690 | 0.933743020013 bits | time 0:00:01   
| epoch 295 | loss -0.647354320126 | 0.933934867344 bits | time 0:00:01   
| epoch 296 | loss -0.651311330043 | 0.939643625927 bits | time 0:00:01   
| epoch 297 | loss -0.653128694792 | 0.942265529039 bits | time 0:00:01   
| epoch 298 | loss -0.657022735484 | 0.947883442235 bits | time 0:00:01   
| epoch 299 | loss -0.658139657595 | 0.949494820224 bits | time 0:00:01   
| epoch 300 | loss -0.649634246801 | 0.937224106251 bits | time 0:00:01   
| epoch 301 | loss -0.654881229135 | 0.944793901644 bits | time 0:00:01   
| epoch 302 | loss -0.652236839030 | 0.940978853154 bits | time 0:00:01   
| epoch 303 | loss -0.653397062729 | 0.942652702131 bits | time 0:00:01   
| epoch 304 | loss -0.652340419729 | 0.941128288514 bits | time 0:00:01   
| epoch 305 | loss -0.651853359663 | 0.940425609372 bits | time 0:00:01   
| epoch 306 | loss -0.657657084478 | 0.948798614381 bits | time 0:00:01   
| epoch 307 | loss -0.652571106147 | 0.941461098665 bits | time 0:00:01   
| epoch 308 | loss -0.658580005643 | 0.950130108170 bits | time 0:00:01   
| epoch 309 | loss -0.656843154753 | 0.947624362004 bits | time 0:00:01   
| epoch 310 | loss -0.655703259716 | 0.945979841087 bits | time 0:00:01   
| epoch 311 | loss -0.657715764855 | 0.948883272271 bits | time 0:00:01   
| epoch 312 | loss -0.661095749162 | 0.953759558869 bits | time 0:00:01   
| epoch 313 | loss -0.654501561145 | 0.944246156517 bits | time 0:00:01   
| epoch 314 | loss -0.656045980574 | 0.946474282769 bits | time 0:00:01   
| epoch 315 | loss -0.660839841125 | 0.953390361614 bits | time 0:00:01   
| epoch 316 | loss -0.655434247037 | 0.945591737829 bits | time 0:00:01   
| epoch 317 | loss -0.652824696717 | 0.941826952523 bits | time 0:00:01   
| epoch 318 | loss -0.661633173730 | 0.954534898628 bits | time 0:00:01   
| epoch 319 | loss -0.655022239179 | 0.944997336136 bits | time 0:00:01   
| epoch 320 | loss -0.661921963768 | 0.954951534583 bits | time 0:00:01   
| epoch 321 | loss -0.662495425272 | 0.955778864652 bits | time 0:00:01   
| epoch 322 | loss -0.661273356142 | 0.954015791578 bits | time 0:00:01   
| epoch 323 | loss -0.661815060070 | 0.954797305149 bits | time 0:00:01   
| epoch 324 | loss -0.661126526977 | 0.953803961870 bits | time 0:00:01   
| epoch 325 | loss -0.661385297143 | 0.954177288305 bits | time 0:00:01   
| epoch 326 | loss -0.663324899319 | 0.956975542746 bits | time 0:00:01   
| epoch 327 | loss -0.669269376471 | 0.965551610454 bits | time 0:00:01   
| epoch 328 | loss -0.665387854652 | 0.959951758174 bits | time 0:00:01   
| epoch 329 | loss -0.666605889639 | 0.961709011210 bits | time 0:00:01   
| epoch 330 | loss -0.668513061039 | 0.964460477930 bits | time 0:00:01   
| epoch 331 | loss -0.664726227127 | 0.958997231424 bits | time 0:00:01   
| epoch 332 | loss -0.667274927903 | 0.962674229396 bits | time 0:00:01   
| epoch 333 | loss -0.668419398585 | 0.964325351572 bits | time 0:00:01   
| epoch 334 | loss -0.673078726710 | 0.971047341153 bits | time 0:00:01   
| epoch 335 | loss -0.673472334915 | 0.971615197758 bits | time 0:00:01   
| epoch 336 | loss -0.669777668123 | 0.966284920300 bits | time 0:00:01   
| epoch 337 | loss -0.668576178721 | 0.964551537498 bits | time 0:00:01   
| epoch 338 | loss -0.669419032984 | 0.965767519162 bits | time 0:00:01   
| epoch 339 | loss -0.676549667547 | 0.976054850285 bits | time 0:00:01   
| epoch 340 | loss -0.672981689400 | 0.970907345906 bits | time 0:00:01   
| epoch 341 | loss -0.677825832557 | 0.977895967216 bits | time 0:00:01   
| epoch 342 | loss -0.676623409876 | 0.976161237977 bits | time 0:00:01   
| epoch 343 | loss -0.677324133305 | 0.977172168194 bits | time 0:00:01   
| epoch 344 | loss -0.674844958422 | 0.973595474884 bits | time 0:00:01   
| epoch 345 | loss -0.670004060319 | 0.966611535198 bits | time 0:00:01   
| epoch 346 | loss -0.672462419743 | 0.970158198147 bits | time 0:00:01   
| epoch 347 | loss -0.677624194786 | 0.977605065405 bits | time 0:00:01   
| epoch 348 | loss -0.676607994091 | 0.976138997701 bits | time 0:00:01   
| epoch 349 | loss -0.684067457361 | 0.986900728368 bits | time 0:00:01   
| epoch 350 | loss -0.683643158298 | 0.986288594214 bits | time 0:00:01   
| epoch 351 | loss -0.674048061396 | 0.972445795497 bits | time 0:00:01   
| epoch 352 | loss -0.672886835327 | 0.970770500406 bits | time 0:00:01   
| epoch 353 | loss -0.681837936453 | 0.983684209611 bits | time 0:00:01   
| epoch 354 | loss -0.679789007659 | 0.980728230200 bits | time 0:00:01   
| epoch 355 | loss -0.679891937133 | 0.980876726042 bits | time 0:00:01   
| epoch 356 | loss -0.683051306468 | 0.985434732514 bits | time 0:00:01   
| epoch 357 | loss -0.679292778438 | 0.980012322764 bits | time 0:00:01   
| epoch 358 | loss -0.680977828781 | 0.982443336538 bits | time 0:00:01   
| epoch 359 | loss -0.675041315568 | 0.973878758365 bits | time 0:00:01   
| epoch 360 | loss -0.682276269485 | 0.984316590503 bits | time 0:00:01   
| epoch 361 | loss -0.676980978298 | 0.976677100167 bits | time 0:00:01   
| epoch 362 | loss -0.686301180633 | 0.990123309856 bits | time 0:00:01   
| epoch 363 | loss -0.681685100974 | 0.983463714623 bits | time 0:00:01   
| epoch 364 | loss -0.681750504819 | 0.983558072426 bits | time 0:00:01   
| epoch 365 | loss -0.682703499294 | 0.984932952830 bits | time 0:00:01   
| epoch 366 | loss -0.680175312476 | 0.981285550244 bits | time 0:00:01   
| epoch 367 | loss -0.683692303513 | 0.986359495773 bits | time 0:00:01   
| epoch 368 | loss -0.683941851560 | 0.986719517502 bits | time 0:00:01   
| epoch 369 | loss -0.685947701691 | 0.989613347538 bits | time 0:00:01   
| epoch 370 | loss -0.682610817866 | 0.984799241793 bits | time 0:00:01   
| epoch 371 | loss -0.682391104553 | 0.984482262485 bits | time 0:00:01   
| epoch 372 | loss -0.687808993324 | 0.992298623748 bits | time 0:00:01   
| epoch 373 | loss -0.688779337178 | 0.993698534014 bits | time 0:00:01   
| epoch 374 | loss -0.681760467016 | 0.983572444838 bits | time 0:00:01   
| epoch 375 | loss -0.682270259693 | 0.984307920205 bits | time 0:00:01   
| epoch 376 | loss -0.681307780332 | 0.982919356003 bits | time 0:00:01   
| epoch 377 | loss -0.685271606837 | 0.988637948846 bits | time 0:00:01   
| epoch 378 | loss -0.683628371445 | 0.986267261295 bits | time 0:00:01   
| epoch 379 | loss -0.688592403890 | 0.993428846286 bits | time 0:00:01   
| epoch 380 | loss -0.686479913461 | 0.990381166820 bits | time 0:00:01   
| epoch 381 | loss -0.686456753974 | 0.990347754742 bits | time 0:00:01   
| epoch 382 | loss -0.683969268432 | 0.986759071687 bits | time 0:00:01   
| epoch 383 | loss -0.684014241797 | 0.986823954537 bits | time 0:00:01   
| epoch 384 | loss -0.681656300863 | 0.983422164846 bits | time 0:00:01   
| epoch 385 | loss -0.683509251958 | 0.986095408201 bits | time 0:00:01   
| epoch 386 | loss -0.683838774892 | 0.986570809305 bits | time 0:00:01   
| epoch 387 | loss -0.688989372247 | 0.994001550566 bits | time 0:00:01   
| epoch 388 | loss -0.686288380338 | 0.990104842934 bits | time 0:00:01   
| epoch 389 | loss -0.691903985147 | 0.998206448144 bits | time 0:00:01   
| epoch 390 | loss -0.695266868929 | 1.003058063898 bits | time 0:00:01   
| epoch 391 | loss -0.685952010616 | 0.989619564004 bits | time 0:00:01   
| epoch 392 | loss -0.692478128706 | 0.999034762209 bits | time 0:00:01   
| epoch 393 | loss -0.693482407208 | 1.000483629823 bits | time 0:00:01   
| epoch 394 | loss -0.686025855870 | 0.989726100185 bits | time 0:00:01   
| epoch 395 | loss -0.690633417915 | 0.996373407098 bits | time 0:00:01   
| epoch 396 | loss -0.683527542995 | 0.986121796589 bits | time 0:00:01   
| epoch 397 | loss -0.684839429843 | 0.988014449239 bits | time 0:00:01   
| epoch 398 | loss -0.688412735570 | 0.993169639691 bits | time 0:00:01   
| epoch 399 | loss -0.684598966840 | 0.987667534458 bits | time 0:00:01   
| epoch 400 | loss -0.689104809527 | 0.994168091357 bits | time 0:00:01   
| epoch 401 | loss -0.693172126455 | 1.000035989319 bits | time 0:00:01   
| epoch 402 | loss -0.695645324115 | 1.003604059318 bits | time 0:00:01   
| epoch 403 | loss -0.692270297745 | 0.998734925511 bits | time 0:00:01   
| epoch 404 | loss -0.688755372159 | 0.993663959799 bits | time 0:00:01   
| epoch 405 | loss -0.694499317151 | 1.001950720755 bits | time 0:00:01   
| epoch 406 | loss -0.685805489830 | 0.989408179193 bits | time 0:00:01   
| epoch 407 | loss -0.695062765866 | 1.002763605422 bits | time 0:00:01   
| epoch 408 | loss -0.692415605331 | 0.998944560046 bits | time 0:00:01   
| epoch 409 | loss -0.695647470989 | 1.003607156603 bits | time 0:00:01   
| epoch 410 | loss -0.689807677459 | 0.995182115437 bits | time 0:00:01   
| epoch 411 | loss -0.692182680182 | 0.998608520088 bits | time 0:00:01   
| epoch 412 | loss -0.695395113461 | 1.003243081648 bits | time 0:00:01   
| epoch 413 | loss -0.688688428079 | 0.993567379908 bits | time 0:00:01   
| epoch 414 | loss -0.688069036216 | 0.992673786338 bits | time 0:00:01   
| epoch 415 | loss -0.693948022725 | 1.001155371020 bits | time 0:00:01   
| epoch 416 | loss -0.692782210418 | 0.999473459387 bits | time 0:00:01   
| epoch 417 | loss -0.695325278635 | 1.003142331292 bits | time 0:00:01   
| epoch 418 | loss -0.690351483835 | 0.995966662198 bits | time 0:00:01   
| epoch 419 | loss -0.691119731421 | 0.997075009182 bits | time 0:00:01   
| epoch 420 | loss -0.691987506907 | 0.998326944572 bits | time 0:00:01   
| epoch 421 | loss -0.692631301734 | 0.999255744177 bits | time 0:00:01   
| epoch 422 | loss -0.684550114431 | 0.987597055329 bits | time 0:00:01   
| epoch 423 | loss -0.693164772159 | 1.000025379313 bits | time 0:00:01   
| epoch 424 | loss -0.688295157107 | 0.993000009827 bits | time 0:00:01   
| epoch 425 | loss -0.696700017237 | 1.005125659855 bits | time 0:00:01   
| epoch 426 | loss -0.696331746224 | 1.004594357091 bits | time 0:00:01   
| epoch 427 | loss -0.694318722983 | 1.001690178444 bits | time 0:00:01   
| epoch 428 | loss -0.698827297839 | 1.008194677031 bits | time 0:00:01   
| epoch 429 | loss -0.691986566671 | 0.998325588099 bits | time 0:00:01   
| epoch 430 | loss -0.690315014013 | 0.995914047368 bits | time 0:00:01   
| epoch 431 | loss -0.692076050951 | 0.998454686624 bits | time 0:00:01   
| epoch 432 | loss -0.695847863070 | 1.003896261264 bits | time 0:00:01   
| epoch 433 | loss -0.695535196550 | 1.003445178826 bits | time 0:00:01   
| epoch 434 | loss -0.693781476596 | 1.000915095746 bits | time 0:00:01   
| epoch 435 | loss -0.690553733936 | 0.996258447416 bits | time 0:00:01   
| epoch 436 | loss -0.692086463107 | 0.998469708191 bits | time 0:00:01   
| epoch 437 | loss -0.690575239671 | 0.996289473634 bits | time 0:00:04   
| epoch 438 | loss -0.696155233472 | 1.004339703019 bits | time 0:00:04   
| epoch 439 | loss -0.696445575602 | 1.004758578169 bits | time 0:00:04   
| epoch 440 | loss -0.694702999029 | 1.002244571590 bits | time 0:00:03   
| epoch 441 | loss -0.693995527785 | 1.001223906334 bits | time 0:00:01   
| epoch 442 | loss -0.692940958931 | 0.999702485079 bits | time 0:00:01   
| epoch 443 | loss -0.694979225135 | 1.002643081623 bits | time 0:00:02   
| epoch 444 | loss -0.692604028894 | 0.999216397785 bits | time 0:00:01   
| epoch 445 | loss -0.694945629143 | 1.002594612852 bits | time 0:00:01   
| epoch 446 | loss -0.694179397047 | 1.001489173607 bits | time 0:00:01   
| epoch 447 | loss -0.690449831815 | 0.996108548342 bits | time 0:00:01   
| epoch 448 | loss -0.693397551696 | 1.000361209196 bits | time 0:00:01   
| epoch 449 | loss -0.698779951040 | 1.008126370038 bits | time 0:00:01   
| epoch 450 | loss -0.702636164126 | 1.013689709534 bits | time 0:00:01   
| epoch 451 | loss -0.696311615506 | 1.004565314604 bits | time 0:00:01   
| epoch 452 | loss -0.697057841311 | 1.005641890872 bits | time 0:00:01   
| epoch 453 | loss -0.688585379712 | 0.993418712539 bits | time 0:00:01   
| epoch 454 | loss -0.698468664597 | 1.007677278630 bits | time 0:00:01   
| epoch 455 | loss -0.699505029844 | 1.009172437633 bits | time 0:00:01   
| epoch 456 | loss -0.692119478389 | 0.998517339174 bits | time 0:00:01   
| epoch 457 | loss -0.697559767282 | 1.006366016981 bits | time 0:00:01   
| epoch 458 | loss -0.697284104179 | 1.005968319190 bits | time 0:00:01   
| epoch 459 | loss -0.691656783816 | 0.997849812009 bits | time 0:00:01   
| epoch 460 | loss -0.693373833000 | 1.000326990351 bits | time 0:00:01   
| epoch 461 | loss -0.695694700160 | 1.003675293894 bits | time 0:00:01   
| epoch 462 | loss -0.693886606225 | 1.001066765740 bits | time 0:00:01   
| epoch 463 | loss -0.696263630921 | 1.004496087482 bits | time 0:00:01   
| epoch 464 | loss -0.703401802706 | 1.014794292516 bits | time 0:00:01   
| epoch 465 | loss -0.699341205608 | 1.008936089220 bits | time 0:00:01   
| epoch 466 | loss -0.703193132378 | 1.014493244869 bits | time 0:00:01   
| epoch 467 | loss -0.701902269685 | 1.012630923663 bits | time 0:00:01   
| epoch 468 | loss -0.695092919334 | 1.002807107681 bits | time 0:00:01   
| epoch 469 | loss -0.700044921918 | 1.009951337251 bits | time 0:00:01   
| epoch 470 | loss -0.698453549365 | 1.007655471960 bits | time 0:00:01   
| epoch 471 | loss -0.698353377198 | 1.007510954072 bits | time 0:00:01   
| epoch 472 | loss -0.691753387135 | 0.997989181138 bits | time 0:00:01   
| epoch 473 | loss -0.699102894697 | 1.008592279250 bits | time 0:00:01   
| epoch 474 | loss -0.698705122231 | 1.008018414886 bits | time 0:00:01   
| epoch 475 | loss -0.696172255104 | 1.004364260043 bits | time 0:00:01   
| epoch 476 | loss -0.703648937318 | 1.015150832395 bits | time 0:00:01   
| epoch 477 | loss -0.701141663983 | 1.011533601588 bits | time 0:00:01   
| epoch 478 | loss -0.698439499744 | 1.007635202641 bits | time 0:00:01   
| epoch 479 | loss -0.695576013399 | 1.003504065093 bits | time 0:00:01   
| epoch 480 | loss -0.696636381295 | 1.005033852597 bits | time 0:00:01   
| epoch 481 | loss -0.695762892775 | 1.003773675041 bits | time 0:00:01   
| epoch 482 | loss -0.697733121304 | 1.006616113969 bits | time 0:00:01   
| epoch 483 | loss -0.700140701997 | 1.010089518696 bits | time 0:00:01   
| epoch 484 | loss -0.699392567579 | 1.009010188881 bits | time 0:00:01   
| epoch 485 | loss -0.701954455527 | 1.012706211919 bits | time 0:00:01   
| epoch 486 | loss -0.702942437613 | 1.014131568775 bits | time 0:00:01   
| epoch 487 | loss -0.698737839015 | 1.008065615228 bits | time 0:00:01   
| epoch 488 | loss -0.701737759916 | 1.012393586236 bits | time 0:00:01   
| epoch 489 | loss -0.696647045625 | 1.005049237973 bits | time 0:00:01   
| epoch 490 | loss -0.701482202077 | 1.012024894209 bits | time 0:00:01   
| epoch 491 | loss -0.697500089910 | 1.006279920732 bits | time 0:00:01   
| epoch 492 | loss -0.693324974741 | 1.000256502783 bits | time 0:00:01   
| epoch 493 | loss -0.699722166719 | 1.009485699926 bits | time 0:00:01   
| epoch 494 | loss -0.702934043951 | 1.014119459281 bits | time 0:00:01   
| epoch 495 | loss -0.694581255831 | 1.002068933281 bits | time 0:00:01   
| epoch 496 | loss -0.696670518314 | 1.005083101904 bits | time 0:00:01   
| epoch 497 | loss -0.695722963038 | 1.003716068608 bits | time 0:00:01   
| epoch 498 | loss -0.694164939363 | 1.001468315578 bits | time 0:00:01   
| epoch 499 | loss -0.702529188334 | 1.013535376090 bits | time 0:00:01   
| epoch 500 | loss -0.700581994866 | 1.010726169730 bits | time 0:00:01   

Training time 0:12:21   
=========================================================================================
=========================================================================================
